/?fbclid=IwAR1wZp0MhjWiVNb2zm6sf_OsEaDcYuib5EaMwfdgK3-rajj-JYM4JVxVj_E
android-app://com.azarlive.android/
android-app://com.google.android.gm/
android-app://com.google.android.googlequicksearchbox/
android-app://com.google.android.youtube/
android-app://com.linkedin.android/
android-app://com.tinder/
binance.com
evolutiongamingcareers.com
http://baidu.com/
http://bbs.jpcanada.com/
http://bbs.jpcanada.com/banner_cnt.php?banid=82%27&bbs=4%27
http://bbs.jpcanada.com/banner_cnt.php?bbs=4%27nvOpzp;%20AND%201=1%20OR%20(%3C%27%22%3EiKO))
http://bbs.jpcanada.com/banner_cnt.php?bbs=4&banid=82
http://bit.ly/applyEvolution
http://careers.evolution.com:80
http://instagram.com/
http://lnkd.in
http://lnkd.in/
http://m.facebook.com
http://m.facebook.com/
http://m.ss.com/
http://reaperscans.com/
http://www.dopamine.bg/
http://www.eventhubs.com/
http://www.google.com.hk
http://www.looknfeel.eu
http://www.tutsmake.com/
http://www.wegezumwohnenwn.at/
https://013867fdaa626f61c094c4bfa5a37acb.safeframe.googlesyndication.com/
https://1415a4f2c68172203b87a63a2a3f5b88.safeframe.googlesyndication.com/
https://29ce0cb7c057cbfc4b8b8e72aa25694d.safeframe.googlesyndication.com/
https://2f67f30a21f5f737c2f721240ad9722d.safeframe.googlesyndication.com/
https://3cf1615d7b4d5ac073facc7d739fdf5b.safeframe.googlesyndication.com/
https://44ac4bc3c8e60db1f6e7e60dede85fa6.safeframe.googlesyndication.com/
https://4b9dfe6cd6fed5c6583ddbd431f82caa.safeframe.googlesyndication.com/
https://5cd19a5a9ba142b4940224f1b7162bd2.safeframe.googlesyndication.com/
https://6656.play.gamezop.com/
https://6f7f1015bb9fe9bf9df6296d8905eb97.safeframe.googlesyndication.com/
https://7c4d4fe76ddce5397c487738f1ab0b0e.safeframe.googlesyndication.com/
https://94672adbcd703739c60d6d75130a15a4.safeframe.googlesyndication.com/
https://aax.amazon-adsystem.com/
https://ad1d7bbc7f8e9e6fd69f872caa5d2a49.safeframe.googlesyndication.com/
https://ad4440809d3bb6f4f3f9d290888b8006.safeframe.googlesyndication.com/
https://app.asana.com/
https://bakman.fresnounified.org/
https://battlefordreamisland.fandom.com/
https://bb2f3dd5f663f98d6561e3a32b172720.safeframe.googlesyndication.com/
https://beta.moodle.isma.lv/
https://bg.avtotachki.com/
https://bg.glosbe.com/
https://blog.naver.com/PostList.naver?blogId=evolution_ca&from=postList&categoryNo=2
https://bmmagazine.co.uk
https://bniko.com/
https://btvnovinite.bg/
https://ca.indeed.com/
https://cafe.daum.net/_c21_/bbs_read?grpid=hPc&fldid=1xBD&contentval=01Lhgzzzzzzzzzzzzzzzzzzzzzzzzz&datanum=321760&page=1&prev_page=0&firstbbsdepth=&lastbbsdepth=zzzzzzzzzzzzzzzzzzzzzzzzzzzzzz&listnum=20
https://calculat-io.cdn.ampproject.org/v/s/calculat.io/en/date/how-many-until/1-january-2019/amp?amp_gsa=1&amp_js_v=a9&usqp=mq331AQIUAKwASCAAgM%3D
https://careers.evolution.com/
https://careers.evolution.com/?fbclid=IwAR2-FQPVa5PtOxJ2_ODS65qv6bychqx_jlQtC6-TU4OQtxeX0t-YbQ3VNrw
https://careers.evolution.com/all-vacancies/
https://careers.evolution.com/all-vacancies/?department=&location=#jobs
https://careers.evolution.com/all-vacancies/?department=&location=Spain&_ga=2.161311677.1820013305.1687386262-722303102.1681946274&_gl=1*psequj*_ga*NzIyMzAzMTAyLjE2ODE5NDYyNzQ.*_ga_XSZWPDJGD2*MTY4NzM4NjI2Mi41LjEuMTY4NzM4NjM1NC42MC4wLjA.*_ga_P9NJWC09TQ*MTY4NzM4NjI2Mi41LjEuMTY4NzM4NjM1NC4wLjAuMA..*_ga_PZH2KFV3R6*MTY4NzM4NjM1NS40LjAuMTY4NzM4NjM1NS42MC4wLjA.
https://careers.evolution.com/all-vacancies/?department=Studio+Operations&location=Georgia
https://careers.evolution.com/all-vacancies/?department=Studio+Operations&location=Malta
https://careers.evolution.com/all-vacancies/?gclid=Cj0KCQiAyeWrBhDDARIsAGP1mWRpb9W8-9YYRej7UaartGWFLdT_D3a_WMyeUJKOzdcQq0vrYvHRIS0aArWBEALw_wcB
https://careers.evolution.com/all-vacancies/?gclid=CjwKCAiAg9urBhB_EiwAgw88mWiD7hu-mousOr3aLgrde63aSGm8TGLMscxB_9CjKQjmrlLoeIQ_lhoCdx0QAvD_BwE
https://careers.evolution.com/all-vacancies/?gclid=CjwKCAjwloynBhBbEiwAGY25dMXlYAcBVRsjIpMA2mcKXhZeYhGuK9Nevhi5jXp7569vtwscgjjpYRoCnbMQAvD_BwE
https://careers.evolution.com/all-vacancies/?gclid=CjwKCAjwloynBhBbEiwAGY25dPecT6oOQKoNFjtYhnTPcbe7yGAPuXhQzWs2wWfMcbHRlrpg6HVZBBoCQS8QAvD_BwE
https://careers.evolution.com/all-vacancies/?location=Georgia
https://careers.evolution.com/all-vacancies/?location=Lithuania
https://careers.evolution.com/all-vacancies/?location=Spain
https://careers.evolution.com/all-vacancies/?location=United+States
https://careers.evolution.com/all-vacancies/?location=United+States#jobWidget
https://careers.evolution.com/all-vacancies/?search=Cnc+milling+operator+&department=Engineering#jobWidget
https://careers.evolution.com/all-vacancies-business-support/
https://careers.evolution.com/all-vacancies-operations/
https://careers.evolution.com/apply-form-game-presenters-assistant/?utm_source=facebook&utm_medium=cpc&utm_campaign=traffic_miestai-bendriniai&utm_content=ad1_feed_be_anglu_07-07&fbclid=PAAaa-KLy_11uNB5a9TXoylewFN5vM4ahcGmli9kvJ_rRgVtlV0CVOVlb4Jww_aem_ASW4RhMLM6q92GUo7N8G0yBtONeGxvjZn4V3fUptd2WTBqh66B3vuDY631QPISGjv9xXOqj3wJiOY_nU4Us0JRJp
https://careers.evolution.com/armenia/
https://careers.evolution.com/armenia/?fbclid=IwAR3ABO1vHGXwNwVshpyU1WHwP3sX8C46ynaTmm1owPvmFiBx14Gjsw4AeD4
https://careers.evolution.com/bulgaria/
https://careers.evolution.com/bulgaria/shuffler/
https://careers.evolution.com/bulgaria/studio-operations/
https://careers.evolution.com/bulgaria/studio-operations/?gclid=Cj0KCQiAyeWrBhDDARIsAGP1mWQ0NQvEwTK6WeOv8nhEwZ_0M-AVALGPaR_kjoP9sbz6QJev1Vgl-IEaAsI8EALw_wcB
https://careers.evolution.com/bulgaria/studio-operations/?gclid=Cj0KCQiAyeWrBhDDARIsAGP1mWQ4SSBBjRuadjx7EERGwfe5GQNsiAZtComI35kTimNYzScic9qMRPEaAqz2EALw_wcB
https://careers.evolution.com/bulgaria/studio-operations/?gclid=Cj0KCQiAyeWrBhDDARIsAGP1mWQ6SQLAUl0zEmLIXIOqdjEADwPDxdRr0cEePEVRTniyvqnrWVA5Ow8aAofYEALw_wcB
https://careers.evolution.com/bulgaria/studio-operations/?gclid=Cj0KCQiAyeWrBhDDARIsAGP1mWQ7SdHDj4gCucQEg0-sSZrYAOB3_Jj32yy09az9UmGnHBi5P69CRewaAg_3EALw_wcB
https://careers.evolution.com/bulgaria/studio-operations/?gclid=Cj0KCQiAyeWrBhDDARIsAGP1mWQ8rxVMNxnWksHoDagx0EfAd62MZkkJVyjTF6U7ht7F3Ph-O50PsUAaAiDUEALw_wcB
https://careers.evolution.com/bulgaria/studio-operations/?gclid=Cj0KCQiAyeWrBhDDARIsAGP1mWQcWUiDlmr4TYQHe6sE-vtgw0CPjKV2JgsJh3Yk4gIqdUyN44NxOIIaAl4yEALw_wcB
https://careers.evolution.com/bulgaria/studio-operations/?gclid=Cj0KCQiAyeWrBhDDARIsAGP1mWQJ6ndvH0ZAn6tjvt_S8HEzBkv1W3lYJ5yio4CZVrTZnflbGjmJ9z4aAlmLEALw_wcB
https://careers.evolution.com/bulgaria/studio-operations/?gclid=Cj0KCQiAyeWrBhDDARIsAGP1mWQKwCJ49WDp7OjBlRkWUrhA6n2xkjtgrAWiyFWemqJRDYT0HR-O9UwaAi78EALw_wcB
https://careers.evolution.com/bulgaria/studio-operations/?gclid=Cj0KCQiAyeWrBhDDARIsAGP1mWQMuO2BL9QVHtyhJ7YHsc-qoRRMJTlw9nFgmP1YPUC45pD0S5sJKwsaAqayEALw_wcB
https://careers.evolution.com/bulgaria/studio-operations/?gclid=Cj0KCQiAyeWrBhDDARIsAGP1mWQpYD0nbp15W4e1oW4-HXbd6OXWV33ND5JfHL-B9Joa4lXqsdHeWmgaAolSEALw_wcB
https://careers.evolution.com/bulgaria/studio-operations/?gclid=Cj0KCQiAyeWrBhDDARIsAGP1mWQQEj2DOiVnZXD5Q-Jjs9LZXRlV_zRBqEePvU_Clq4MH8ham3uq8-0aAnL2EALw_wcB
https://careers.evolution.com/bulgaria/studio-operations/?gclid=Cj0KCQiAyeWrBhDDARIsAGP1mWQS_OP-bP4fFiEa4xE0UBcVKcDzY-2urB6FSzINfY1p7ClwMYj8PrMaAox5EALw_wcB
https://careers.evolution.com/bulgaria/studio-operations/?gclid=Cj0KCQiAyeWrBhDDARIsAGP1mWR_wNWpbTm21QpRy8FaTqZpRFsKBSdFMevGHffsFnr7nxfWO_MboaoaArY7EALw_wcB
https://careers.evolution.com/bulgaria/studio-operations/?gclid=Cj0KCQiAyeWrBhDDARIsAGP1mWR8nnHGIgBeLx1qk7nluhbayNZjWFhfUMnW72rt1GC_-SGWjEbsY1saAusSEALw_wcB
https://careers.evolution.com/bulgaria/studio-operations/?gclid=Cj0KCQiAyeWrBhDDARIsAGP1mWRd4QV9NHMVfv9B77he5qfQ4GxJY5dR2te0ieqA4s4VdYMbxOkEBd8aAmYlEALw_wcB
https://careers.evolution.com/bulgaria/studio-operations/?gclid=Cj0KCQiAyeWrBhDDARIsAGP1mWRF4C-7_3KZMdfkEoL4iPTWUgCJZgXoI-C0Ry8qxxVn4yWvE8nPmMoaAqWoEALw_wcB
https://careers.evolution.com/bulgaria/studio-operations/?gclid=Cj0KCQiAyeWrBhDDARIsAGP1mWRfW0FNz_peuvzNdWrjFXiVef3SMWStvKDkN_Q3zi4koNC5HF-85dIaAh-8EALw_wcB
https://careers.evolution.com/bulgaria/studio-operations/?gclid=Cj0KCQiAyeWrBhDDARIsAGP1mWRiYxKZxfpMMC9KhUVCZfBGM95mRL7qiHRtSy05Y14w26diUZITJqEaAhKhEALw_wcB
https://careers.evolution.com/bulgaria/studio-operations/?gclid=Cj0KCQiAyeWrBhDDARIsAGP1mWRKgIvFDWKPzGNttRzBRCJKX6PFWMz0Rag9IDOODpse3uVklgF47kYaAirZEALw_wcB
https://careers.evolution.com/bulgaria/studio-operations/?gclid=Cj0KCQiAyeWrBhDDARIsAGP1mWRKIT95TeJTxHoTmBIyRi7060i29U50u8lfjBS7msPy4ppeMAzSJUYaArOIEALw_wcB
https://careers.evolution.com/bulgaria/studio-operations/?gclid=Cj0KCQiAyeWrBhDDARIsAGP1mWRKT92Yc4N0JXCLX7H37K97eGscTIZyfxK9xVRoOxjXf6XkoUVzeCEaAnu9EALw_wcB
https://careers.evolution.com/bulgaria/studio-operations/?gclid=Cj0KCQiAyeWrBhDDARIsAGP1mWRnn8_btaBOrFp3H4mzehzfhsluyTd2dgLWBR_i1MYF9BMe69QMVNQaAjvTEALw_wcB
https://careers.evolution.com/bulgaria/studio-operations/?gclid=Cj0KCQiAyeWrBhDDARIsAGP1mWRoGFuSUXqxVAtD-ogGOfzMH42qtUAcTW24O6QCyDjqFEk-X2vFol0aAj-0EALw_wcB
https://careers.evolution.com/bulgaria/studio-operations/?gclid=Cj0KCQiAyeWrBhDDARIsAGP1mWRXlOkET9HtZjtCGCjlEdMqewwU_Bfu-10gc5THE7q-zKtYYK3MdrAaAqAwEALw_wcB
https://careers.evolution.com/bulgaria/studio-operations/?gclid=Cj0KCQiAyeWrBhDDARIsAGP1mWS68JDF0nduefaYj3oITZc0lZBCsNRuaUaFIq-IcdfJRWdJgyzH2QQaAnKrEALw_wcB
https://careers.evolution.com/bulgaria/studio-operations/?gclid=Cj0KCQiAyeWrBhDDARIsAGP1mWS7zFhWeEQ8rzjDM9PgDqWX72IEp0VWiy4BFHJohgQYAPKvRIJCE2QaAlfmEALw_wcB
https://careers.evolution.com/bulgaria/studio-operations/?gclid=Cj0KCQiAyeWrBhDDARIsAGP1mWSAQarS7889RsD78HVgOPuaL-zb356_PEfoymbUz86rMlLTCTARHRkaAt4mEALw_wcB
https://careers.evolution.com/bulgaria/studio-operations/?gclid=Cj0KCQiAyeWrBhDDARIsAGP1mWSB33GmQZMglrp9np42EUyuzW5Vw-4XG9_a8OCN9ioNAW4e23vdmXEaAkLWEALw_wcB
https://careers.evolution.com/bulgaria/studio-operations/?gclid=Cj0KCQiAyeWrBhDDARIsAGP1mWSBsgJVO1XovO4VVsG2rYahODwe5_yd2_cP7au1M0J7XNFWHhN3mDMaAraeEALw_wcB
https://careers.evolution.com/bulgaria/studio-operations/?gclid=Cj0KCQiAyeWrBhDDARIsAGP1mWSdW-ft8BQwNfHGPDNjqX4n73R-Fe-ERAdKdptC_I8-5RoS-PGK4uUaAteOEALw_wcB
https://careers.evolution.com/bulgaria/studio-operations/?gclid=Cj0KCQiAyeWrBhDDARIsAGP1mWSkYttAQPiaNyw6SauwZLWTZYG0N2iq_t72ObQocJx33993wfJIUVsaAuG6EALw_wcB
https://careers.evolution.com/bulgaria/studio-operations/?gclid=Cj0KCQiAyeWrBhDDARIsAGP1mWSpKckqMGY1UYYPP7ME7ulSd3rUiT6pqeSMB0m7LUt_Ykydk_o0MB0aAi34EALw_wcB
https://careers.evolution.com/bulgaria/studio-operations/?gclid=Cj0KCQiAyeWrBhDDARIsAGP1mWSQa5f8FMeBhDOzekl34_SeSzi6gX9kGR4rJjjV9xX8zBh4NRAzjBMaAngwEALw_wcB
https://careers.evolution.com/bulgaria/studio-operations/?gclid=Cj0KCQiAyeWrBhDDARIsAGP1mWSQkv3y5FaA9ptjClkafvLlVM3nxGuDGqytpvkC9yW17iGkQ0-0nGcaAjxuEALw_wcB
https://careers.evolution.com/bulgaria/studio-operations/?gclid=Cj0KCQiAyeWrBhDDARIsAGP1mWSs454xn0jAVLon4vYQuYcqphO2W7s5EU-ToslujeuzMnntm1_TnkMaAh4qEALw_wcB
https://careers.evolution.com/bulgaria/studio-operations/?gclid=Cj0KCQiAyeWrBhDDARIsAGP1mWSuT1NiuU-dSyKhlhpjSJWmmsQDauvZO1rAd-mPvUfCO8FGdCDsABIaAsgNEALw_wcB
https://careers.evolution.com/bulgaria/studio-operations/?gclid=Cj0KCQiAyeWrBhDDARIsAGP1mWSv3G3hs5OKfjrODxgberwA1gGC22eMfZ_YMff1MKxtS-nP9Uh_SJQaApc0EALw_wcB
https://careers.evolution.com/bulgaria/studio-operations/?gclid=Cj0KCQiAyeWrBhDDARIsAGP1mWSVdna6T-2bhuenDza-Y4AKl2DDwwaA0NzBlxTnrbaoCuyzKKwr0VYaAvq0EALw_wcB
https://careers.evolution.com/bulgaria/studio-operations/?gclid=Cj0KCQiAyeWrBhDDARIsAGP1mWSw2gT2dQ3e574j3GdvvJ1XbJfsQTC7BUXV1LmUVQppJThRjhnstI0aAkytEALw_wcB
https://careers.evolution.com/bulgaria/studio-operations/?gclid=Cj0KCQiAyeWrBhDDARIsAGP1mWSxU2sdDorIM1HElF5t8oukFoRF1bnz9M897qxRG1kvxUD-cHEGGKkaAqKeEALw_wcB
https://careers.evolution.com/bulgaria/studio-operations/?gclid=Cj0KCQiAyeWrBhDDARIsAGP1mWSXxJqH5EtmVm4E7OBun25TiwwP-vRDFQ46LLS1zf4txYB7KdjKmToaAiV-EALw_wcB
https://careers.evolution.com/bulgaria/studio-operations/?gclid=Cj0KCQiAyeWrBhDDARIsAGP1mWT0Pte5O_CEQis1aslUEu5wpfSxovgSOca8bt-aC0nStLzVgK5UGVUaAnbXEALw_wcB
https://careers.evolution.com/bulgaria/studio-operations/?gclid=Cj0KCQiAyeWrBhDDARIsAGP1mWT1YsBfv0Artbl1saqi04CIU2yBgZBdpxkRfznyEa-v_lVe5RR1bSEaAgEwEALw_wcB
https://careers.evolution.com/bulgaria/studio-operations/?gclid=Cj0KCQiAyeWrBhDDARIsAGP1mWT3ErIIa2275EdGgNt5czUkWlsaTMH8oDExwfmykBu9Fx6copobwgcaAm1nEALw_wcB
https://careers.evolution.com/bulgaria/studio-operations/?gclid=Cj0KCQiAyeWrBhDDARIsAGP1mWT3lNmCxdzZOCNB_ecIOyS0TXbkfZp7O5u1_ojko2P2yF5RMtdEomEaAhxMEALw_wcB
https://careers.evolution.com/bulgaria/studio-operations/?gclid=Cj0KCQiAyeWrBhDDARIsAGP1mWTaIMfTASKafpBlOhUZB9HPKTBDXxzrqBspgyzKocyePHwng4Aw50IaAtAaEALw_wcB
https://careers.evolution.com/bulgaria/studio-operations/?gclid=Cj0KCQiAyeWrBhDDARIsAGP1mWTEmy36EzSfW0wJQKiyBBW7_tx4kQnJC6doPCclluC3GheiDYC2gnYaAleOEALw_wcB
https://careers.evolution.com/bulgaria/studio-operations/?gclid=Cj0KCQiAyeWrBhDDARIsAGP1mWTeXfJt8odgjRMYTBV1UaHeN89uNVgF2EguyhVrm7Aa7vi7CiBuun4aApi3EALw_wcB
https://careers.evolution.com/bulgaria/studio-operations/?gclid=Cj0KCQiAyeWrBhDDARIsAGP1mWTfCm-P_RZv6YKKnJsz6wMXlRfbNPMPHejZSp8pUDqwY_XlbtkCwRsaApb2EALw_wcB
https://careers.evolution.com/bulgaria/studio-operations/?gclid=Cj0KCQiAyeWrBhDDARIsAGP1mWTGsXl1KrsexgFtivHU5ALN3CZBUGoo4qq9APj0WgkWunkAu-b0bkEaAuigEALw_wcB
https://careers.evolution.com/bulgaria/studio-operations/?gclid=Cj0KCQiAyeWrBhDDARIsAGP1mWTqXZyeEhpeKL_Mng-dZkMv9brjY7S3zBFJHmh4ZORj_vdGUOzItYgaAuQnEALw_wcB
https://careers.evolution.com/bulgaria/studio-operations/?gclid=Cj0KCQiAyeWrBhDDARIsAGP1mWTRsNOQtvUrHE3OUPt5fZ4TBPjHjGJWNRLYFfk1wloayF5Hphb2snYaAj5pEALw_wcB
https://careers.evolution.com/bulgaria/studio-operations/?gclid=Cj0KCQiAyeWrBhDDARIsAGP1mWTsg7h9FJfNsMz6_Z76pDU-1-NRlWOn0q66hsS6go1CMto3TNemXigaAjdjEALw_wcB
https://careers.evolution.com/bulgaria/studio-operations/?gclid=Cj0KCQiAyeWrBhDDARIsAGP1mWTUfcJ3QlZ4y446UYhMWw3tF2SsCWLImgZB9QC9I1uZ9QUQ2OM6L1gaAs_9EALw_wcB
https://careers.evolution.com/bulgaria/studio-operations/?gclid=Cj0KCQiAyeWrBhDDARIsAGP1mWTv7Gp_FLjZBCbUY0Lz9yC_IsRu05FfVld1pmRxsBgYGW6ZRaVJRMAaAvqPEALw_wcB
https://careers.evolution.com/bulgaria/studio-operations/?gclid=Cj0KCQiAyeWrBhDDARIsAGP1mWTvE7YYKq5sZ8VLe3GdA7vhWRv3DkCb9k88CkdfOVBrktXPXAPA5ZoaAjZBEALw_wcB
https://careers.evolution.com/bulgaria/studio-operations/?gclid=CjwKCAiAg9urBhB_EiwAgw88mbZLJAWIpta3vsoXFyrgVm8ZX_jsyYIiDpCwqn2yrNb5uOI3c1JryhoCGfQQAvD_BwE
https://careers.evolution.com/bulgaria/studio-operations/?gclid=CjwKCAiAg9urBhB_EiwAgw88md--Qupm0pdxkpVRNZuvXfSiqEYPxan0Fsh4D7aaqrR4GfsqaiUroRoCDzwQAvD_BwE
https://careers.evolution.com/bulgaria/studio-operations/?gclid=CjwKCAiAg9urBhB_EiwAgw88mSE-mfShxiKvab1vvz608Y4u8V3B4CjVgK7xRWouu5pL-bGYv0VeTxoCO6cQAvD_BwE
https://careers.evolution.com/bulgaria/studio-operations/?gclid=CjwKCAiAg9urBhB_EiwAgw88mUq0G9iZh1QI847uNSP4Ssoz30kTBs07BjTxepVxRldszSBfNwPO0hoC8aIQAvD_BwE
https://careers.evolution.com/bulgaria/studio-operations/?gclid=CjwKCAiApuCrBhAuEiwA8VJ6JiQj9pgCJzryKal5Lb7bFDL-v-DgR5xiYgp-4fU_Y-uDUfauFCKuhBoCOe8QAvD_BwE
https://careers.evolution.com/bulgaria/studio-operations/?gclid=EAIaIQobChMI_PmZurOIgwMVoof9Bx35pga6EAEYASAAEgIgdfD_BwE
https://careers.evolution.com/bulgaria/studio-operations/?gclid=EAIaIQobChMI_qH8nZuOgwMVfJz9Bx2aRwbvEAEYASAAEgL2x_D_BwE
https://careers.evolution.com/bulgaria/studio-operations/?gclid=EAIaIQobChMI1srTvaeOgwMVQqmDBx12ZAsDEAEYASAAEgJfj_D_BwE
https://careers.evolution.com/bulgaria/studio-operations/?gclid=EAIaIQobChMI67vktYKIgwMVQipgCh1lCQ9HEAEYASAAEgKdT_D_BwE
https://careers.evolution.com/bulgaria/studio-operations/?gclid=EAIaIQobChMI6qOgjJOOgwMVdZKDBx3rLwUGEAEYASAAEgIHMvD_BwE
https://careers.evolution.com/bulgaria/studio-operations/?gclid=EAIaIQobChMI8oSeno6OgwMVC9V3Ch1iRg3qEAEYASAAEgIP9vD_BwE
https://careers.evolution.com/bulgaria/studio-operations/?gclid=EAIaIQobChMI8P3Hn46OgwMVVde7CB3CCAs2EAEYASAAEgI3iPD_BwE
https://careers.evolution.com/bulgaria/studio-operations/?gclid=EAIaIQobChMIgaGA6KKOgwMVGKaDBx0liwzqEAEYASAAEgJUpvD_BwE
https://careers.evolution.com/bulgaria/studio-operations/?gclid=EAIaIQobChMIgdeDj6GOgwMVGo8nAh1jjgWSEAEYASAAEgKuc_D_BwE
https://careers.evolution.com/bulgaria/studio-operations/?gclid=EAIaIQobChMIhKalqJWOgwMVeIbLAR1DSgz_EAEYASAAEgJlMfD_BwE
https://careers.evolution.com/bulgaria/studio-operations/?gclid=EAIaIQobChMIhZGq3JeOgwMVMKeDBx3_9gS2EAEYASAAEgKblPD_BwE
https://careers.evolution.com/bulgaria/studio-operations/?gclid=EAIaIQobChMIktP_3ZaOgwMVxtMRCB0j4Q4zEAEYASAAEgJE9PD_BwE
https://careers.evolution.com/bulgaria/studio-operations/?gclid=EAIaIQobChMIlNa0mpWOgwMVHy1VCB1FTQJwEAEYASAAEgK_8_D_BwE
https://careers.evolution.com/bulgaria/studio-operations/?gclid=EAIaIQobChMImaWEmOKHgwMVTReiAx1kJQTvEAAYASAAEgJ5j_D_BwE
https://careers.evolution.com/bulgaria/studio-operations/?gclid=EAIaIQobChMInsT9uZiOgwMVCph3Ch1S6wh2EAEYASAAEgL-8fD_BwE
https://careers.evolution.com/bulgaria/studio-operations/?gclid=EAIaIQobChMIo6CX_ZiOgwMVut8RCB0VPQVxEAEYASAAEgLI3PD_BwE
https://careers.evolution.com/bulgaria/studio-operations/?gclid=EAIaIQobChMIrdfXzKuJgwMVxyhVCB1fWQ2tEAEYASAAEgJWtfD_BwE
https://careers.evolution.com/bulgaria/studio-operations/?gclid=EAIaIQobChMIsaKoi5OOgwMVhQfgCh0fDQTnEAEYASAAEgKxhvD_BwE
https://careers.evolution.com/bulgaria/studio-operations/?gclid=EAIaIQobChMIvMTQkZaOgwMV-hBoCB3AlgvWEAEYASAAEgKTtvD_BwE
https://careers.evolution.com/bulgaria/studio-operations/?gclid=EAIaIQobChMIxvqqsZ-OgwMVhiNVCB2ZUwY1EAEYASAAEgKwpPD_BwE
https://careers.evolution.com/bulgaria/studio-operations/?gclid=EAIaIQobChMIy8nnoqGOgwMVsE6kBB02IQ1ZEAEYASAAEgLAlvD_BwE
https://careers.evolution.com/bulgaria/studio-operations/?gclid=EAIaIQobChMIypLV8JyOgwMV646DBx1YmALIEAEYASAAEgJ5-PD_BwE
https://careers.evolution.com/bulgaria/studio-operations/?gclid=EAIaIQobChMIz7KSx5aOgwMVx_0RCB1j0gucEAEYASAAEgIsj_D_BwE
https://careers.evolution.com/bulgaria/studio-operations/?gclid=EAIaIQobChMIzcTb-bKIgwMVk_JMAh1rmAu4EAEYASAAEgJonPD_BwE
https://careers.evolution.com/bulgaria/studio-operations/?utm_source=facebook&utm_medium=cpc&utm_campaign=Evo_turkish_Sofija_eng_new&fbclid=IwAR0e-kOf4nk7_mLMHwADnOangq-TSBXwRS_JxZAOC-qkXyJ1JB7Lp-q8AnE_aem_ATp-K7lbSgYmSCQji66s6k0XkGWuxpmrb5YgOkMrNKEyRhkYTajxAbQl1tUZnigGkt3Z8tQr2TN9tITBeBpWoQzO
https://careers.evolution.com/bulgaria/studio-operations/?utm_source=facebook&utm_medium=cpc&utm_campaign=Evo_turkish_Sofija_tr_new&fbclid=IwAR1iOAplbaMHMUYUUYeoOy0tI5QgQ1C9B2rZDmcT7iCu1zI5oGDOp2QmgVg_aem_Afk-OkMKoB97Enk8Td7YXmr2cWOKo3l1M5c3C_ricJ5MkSBN3lBLjSTyDGD-WAuSy9-QrJa7STW1tF52ynQZhwCh
https://careers.evolution.com/bulgaria/studio-operations/?utm_source=facebook&utm_medium=cpc&utm_campaign=Evo_turkish_Sofija_tr_new&fbclid=PAAaYYMYUKunRa-wRKarBn02cpbPLtQ4xzWoQCWRe-RjAmu7EmyjVZoQS-l1Q_aem_AdFeXcinEi3lCwFoUTzyev-KSCVK2JO9tz2DY3-hV-fExQ5dKFcJAzaCEAV7EhMhNeHjdZGm1NtWxam0FRnUCnTc
https://careers.evolution.com/bulgaria/studio-operations/?wbraid=Ck8KCAiApuCrBhB-Ej8AWei-KSD9tf5je2bYJ_1kK7JmYFu8hNAysmBbni0eKvlOMNkPOz0O1W3RXBNZoKSKpvQ7NMs9gRLcTpn9F_QaAuFb
https://careers.evolution.com/bulgaria/studio-operations/?wbraid=ClAKCQiAyeWrBhCWARI_ALCXmk_MYwZJzBlgahqiJrmXRyPViVb-wqXg0iqdwjPvng9cchL3YiMwUz7oOXLybkCaVC66MF20khQIFRePGgLeMg
https://careers.evolution.com/bulgaria/studio-operations/?wbraid=ClAKCQiAyeWrBhCWARI_ALCXmk-60VHDJYzcWrS0hPRIDbqzAz5vCS6KQGz-rlV_W_llKoZ4CVxemJGpt1YjU2Jm6qaKxnnwIMYUtg84GgKSSw
https://careers.evolution.com/bulgaria/studio-operations/?wbraid=ClAKCQiAyeWrBhCWARI_ALCXmk9pZsXuGw7RsF-862TheAEn3gGNNwY_lUNnE94bEkpiLZC1PlAfKJiAL_VlepvpsAtKp1VALUGV5fCPGgJshw
https://careers.evolution.com/bulgaria/studio-operations/?wbraid=ClAKCQiAyeWrBhCWARI_ALCXmk-YFO0JGTM2Oqs5Hd8oc0ATTnPbiJshNrabLDaxfPxay1CdTtF6cqmO_i8dLpVQFp6UrsKpOnxgcLN9GgJd3A
https://careers.evolution.com/bulgaria/studio-operations/?wbraid=ClEKCAiAg9urBhBsEkEA-6l1ShlpxKOREuhkKNCEuN5sN50l5UY2qfRwO9DPpiJJOdsbjv3tFLk52IaWWksfiH88Fw6a9zKKCCwM_N5bFxoCC2A
https://careers.evolution.com/bulgaria/studio-operations/?wbraid=ClEKCAiApuCrBhB-EkEAWei-KVVUvTVgJHUsz47iLonHWAlHKw6HycBDun4qCzHB-Y4o6a-F50-_3fdpwiRBg7Nz3DFeZFYiQBqB_SlwJxoC-vg
https://careers.evolution.com/bulgaria/studio-operations/?wbraid=ClgKCQiAyeWrBhCWARJHALCXmk_UDKmsKsYmuLiydFChjnQdcSy_o3mPjXaxVFSukzpfLoB7MOI3j6vFN8XTVmgHVIViDHLmOPiHNnXl7BMMj0zv87saAj88
https://careers.evolution.com/bulgaria/studio-operations/?wbraid=ClIKCQiAyeWrBhCWARJBALCXmk_d9-OmE-XUxeRszwWH02ZUmy5C6TRbz_FIlctxvmYDn7GMDJ8nROWhDic2uNDMemYfafRcRl2cHSm7oRcaAuV4
https://careers.evolution.com/bulgaria/studio-operations/?wbraid=ClIKCQiAyeWrBhCWARJBALCXmk_S6hB92HBrj63jc_50CurBdJ-zImWPBAY2D-KlJwwAj7zgbAiUIus1daR8QP9nCvBvNayg-yJ9wA7PsGwaAovT
https://careers.evolution.com/bulgaria/studio-operations/?wbraid=ClIKCQiAyeWrBhCWARJBALCXmk_v1P5LHkWFd2jbRJqCeeZsIjW4lc72szwV85hWP0HqHVGp-709hVd7O3tHXZO0nN9AzQxLjRHzCYLG3lkaAjyr
https://careers.evolution.com/bulgaria/studio-operations/?wbraid=ClIKCQiAyeWrBhCWARJBALCXmk81q4wnMrupSog5eXLE2AENJRvOTHGM0N6go5ofIuXGCVwA2K5ZVcWS_ouUSupqP_mJjUsOo69uWbz6pXQaAijX
https://careers.evolution.com/bulgaria/studio-operations/?wbraid=ClIKCQiAyeWrBhCWARJBALCXmk8SvZlUc_-tW42WGZqRaAJ8jI0ySTI-mxTpH3scJMa-NnNlQGOOqKEkuNgWM5azSlxL8IvtAP-GFCwxdv4aAkzU
https://careers.evolution.com/bulgaria/studio-operations/?wbraid=ClIKCQiAyeWrBhCWARJBALCXmk8UfZg0jDvmAwBdtxHocjTs6ZdjJ-UBQvAr9-Vlf6X7cvWsdl9ybIhADEjl8RyQ1e92Zh6kwqClDPAg6L0aAsO7
https://careers.evolution.com/bulgaria/studio-operations/?wbraid=ClIKCQiAyeWrBhCWARJBALCXmk94xbCT8pR07-wrfILYVRYJien_4Q_E1wDZgKOOUAEoFNky9eYVx0N5OUWfkNFmsngLcRoeblY1jHDvDGIaAp0W
https://careers.evolution.com/bulgaria/studio-operations/?wbraid=ClIKCQiAyeWrBhCWARJBALCXmk97ke_y43llxbEgN-mr_VKiTMuKHQAKIEmgWzd4qcSOto_Yyp64r3HyraV-vm3yw0DvICyIWUTyDtrW5cUaAoDL
https://careers.evolution.com/bulgaria/studio-operations/?wbraid=ClIKCQiAyeWrBhCWARJBALCXmk99pP_iOLFhfcnVJxYN7Z4DnAEqsnErGeZL-8Zbkh0SybcQgVpl8S5Kk5ZRmyLW89RWjT_Xyhi384QxkfQaAmks
https://careers.evolution.com/bulgaria/studio-operations/?wbraid=ClIKCQiAyeWrBhCWARJBALCXmk9hwyPkd84ZAZp8VsToAXQ4sRwEFwt2PRgppKefXVHhsAyZ5g4FMkzmXbM6mtYtlZBfxHXskJmG1ZcVf7kaApF-
https://careers.evolution.com/bulgaria/studio-operations/?wbraid=ClIKCQiAyeWrBhCWARJBALCXmk9ticJs_SgrpC-5rR96_MBt3YukiYVtrLAPoz4oEl9xYIzsmju24SbQ8K7KYnYQOovlzoY0vCEybXRVrzIaArAB
https://careers.evolution.com/bulgaria/studio-operations/?wbraid=ClIKCQiAyeWrBhCWARJBALCXmk9zPgDRBGzo6myitswyL8ujdxwDBWY65HeW_VA1t3VHbmPM3U5mOiHJ827Z6E4tTiKCuRwUYmCFI8FZIqUaAjtr
https://careers.evolution.com/bulgaria/studio-operations/?wbraid=ClIKCQiAyeWrBhCWARJBALCXmk-BCo-cIkHER8EVxrh8I8GVDPGvFAbox2HsHOL96mYLgDzE4JAj3dfwjwqbcmxn9jArvy9Ypmsh05JlT4UaApiZ
https://careers.evolution.com/bulgaria/tr/studio-turkish/?utm_source=facebook&utm_medium=cpc&utm_campaign=Evo_turkish_Bulgaria_tr_new&fbclid=PAAabRMothS4BgLvcnt88ln-88cZiSP6Ro0Gk5R7DjHJ9MYiJPjkw83cuJyMU_aem_ATo5eKa2Ldu8vMI9UccWj3IOcwl5IlLGQlDZIUFHjOx0eVen-8RdS3u8OvFgeAh-JSUTbtRyEWquS-ObwdE8bMfT
https://careers.evolution.com/bulgaria/tr/studio-turkish/?utm_source=facebook&utm_medium=cpc&utm_campaign=Evo_turkish_Sofija_tr_new&fbclid=IwAR2OcIIY8Q6jOKABTKTRYVgZMY2JPHBjdTmvHrklY2AlooWabVUCdUiEjiY_aem_AToQDgNPxlAgGjNjCJDpdjoSCxgxeglu-RXirDBID1Fsb3i0zqG2etu3gFXxPFx_5sowBQrZFR2P7MAIGGfg3XJQ
https://careers.evolution.com/bulgaria/tr/studio-turkish/?utm_source=facebook&utm_medium=cpc&utm_campaign=Evolution+Bulgarian+Sofia+new&fbclid=IwAR04AYPoPEfDkj78CRiS_44r81ynQLuC7eolqhJdzUS3MoHbWoy1Vs4OsaQ_aem_AToZTfp9LOvPzCE0eotElTxASuJXcFhRklvmLtdNmeloUbcs2-UYv-OywN1lvIQgD2jfx3bn0uAh7v1v62m_ylKY
https://careers.evolution.com/bulgaria/turkish-game-presenter/
https://careers.evolution.com/canada/
https://careers.evolution.com/canada/?utm_source=classifieds&utm_medium=organic&utm_campaign=ca_kor_gp_vanchosun&utm_content=job%20listing
https://careers.evolution.com/canada/?utm_source=classifieds&utm_medium=organic&utm_campaign=ca_kor_gp_vanchosun&utm_content=job_listing
https://careers.evolution.com/canada/?utm_source=classifieds&utm_medium=paid&utm_campaign=ca_jpn_gp_jpcanada&utm_content=gifbann
https://careers.evolution.com/canada/?utm_source=classifieds&utm_medium=paid&utm_campaign=ca_kor_gp_vanchosun&utm_content=linead
https://careers.evolution.com/canada/?utm_source=job%20board&utm_medium=paid&utm_campaign=ca_chi_gp_vansky&utm_content=job%20listing
https://careers.evolution.com/canada/?utm_source=job%20board&utm_medium=paid&utm_campaign=ca_chi_gp_vansky&utm_content=poster
https://careers.evolution.com/canada/?utm_source=JoongAng+Listing&utm_medium=JoongAng+Listing&utm_campaign=JoongAng+Listing&utm_id=JoongAng+Listing&utm_content=Own+a+Fun+%26+Unique+Career+Today
https://careers.evolution.com/dutch-latvia/?utm_source=facebook&utm_medium=cpc&utm_campaign=EVO_Dutch_Estonia+-+22.08+-+05.09.&fbclid=IwAR2HtnjAPF_uT-DWkivMCb2iufIb600SEzb42oItahxLzFqu1QD54wi-63c_aem_AQ_OYz3gcfjvSt-vEmNrNVniy3FgdxHQc74v3ap9C0vUi5wUHRWQNLpHyFblfOPS6W54UVghijb17M6_px-frKpz
https://careers.evolution.com/dutch-latvia/?utm_source=facebook&utm_medium=cpc&utm_campaign=EVO_Dutch_Estonia+-+22.08+-+05.09.&fbclid=PAAaYAPYM5GtomUsLbqZnutKzb0zQBO8kKuybfGX997jf7qRovcE_7Sl1YuJw_aem_Aba8v9NA5AWzqVRb3nn6k7HunRK6Q8DAOPI2fMVH5eVoFcgAE4T_ZEESHwkKK5ZehWDrRvFK2bYL27DbMfpb2hma
https://careers.evolution.com/dutch-speaking-game-presenter/?utm_source=instagram&utm_medium=paid&utm_campaign=nl_nld_gp_madrid&utm_content=website&fbclid=PAAaZxysVMQ9Hm4pigBntbUJu1Y4PYiWOwWW96NvGPnzjpskcXlw93-CAc9ds_aem_AcOrtd3r8pmSUUp3zNyjY2XE-xeYz0KmiCbocVccWNwv7rK6JWsoQnkRCFtYpdYszlJGfI-EwAN_j-NHklcOi7Qx
https://careers.evolution.com/engineering/
https://careers.evolution.com/engineering/?fbclid=IwAR0hBxUttdY_cjpV5fu9e3lFljuXzoNV4fKhq6MyzZ8fEpBRD9150vczVeY
https://careers.evolution.com/engineering/?utm_source=instagram&utm_medium=organic&utm_campaign=ebc_99
https://careers.evolution.com/engineering/all-vacancies/
https://careers.evolution.com/engineering/engineering-bulgaria/
https://careers.evolution.com/engineering/engineering-latvia/
https://careers.evolution.com/engineering-all-vacancies-poland/
https://careers.evolution.com/engineering-scala-bootcamp/?gclid=EAIaIQobChMI-JPpz_jwgAMVFkKRBR3dsw70EAEYASAAEgLmmvD_BwE
https://careers.evolution.com/engineering-scala-bootcamp/?gclid=EAIaIQobChMItozGluH0gAMVatnaBR1vCAjQEAEYASAAEgLayPD_BwE
https://careers.evolution.com/engineering-scala-bootcamp?gclid=EAIaIQobChMIwdn5m5HzgAMVsvDaBR1ZnQw7EAEYASAAEgI0n_D_BwE
https://careers.evolution.com/game-host-lt-apply-form/?utm_source=snapchat&utm_campaign=WTB%20-%20Traffic%20-%20SPRING%20-%2004.17&utm_content=Img%20-%20Salary%20at%20Evo%20-%2008.08
https://careers.evolution.com/game-host-lt-apply-form/?utm_source=snapchat&utm_campaign=WTB%20-%20Traffic%20-%20SPRING%20-%2004.17&utm_content=Video%20-%20Evo%20office%20-%2006.30
https://careers.evolution.com/game-presenter-lithuania/?utm_source=facebook&utm_medium=cpc&utm_campaign=traffic_miestai-bendriniai&utm_content=ad2_story_job_offer_06-30&fbclid=PAAaZDLsxxkNzYnHmJNlW-MwEukyphP71SF0NgNVq7Pkixy7cCIQ-uyiyWbwo_aem_AY7kP0PfpCWMt1NZm5h-TFSs5DcSXlK7Y7gPCUKndDcm46A8QSswGfn5BrbQiCTHZ6R2x-SFRi_7yrePuH_H2hk5
https://careers.evolution.com/game-presenter-lithuania/?utm_source=facebook&utm_medium=cpc&utm_campaign=traffic_miestai-bendriniai&utm_content=ad2_story_job_offer_06-30&fbclid=PAAaZt2GgqvA6FrgX4K3peVSqsY2M8OdCuBUJKq0ABYXHEdICg3tdbz1niGFc_aem_ASUE78jCyNSe8uyWrbjclqwmbJhGEmzgqFi0qCIwzu2xgpovC7aT1RJ10-u4jH6P-YMpxI03nXBlPY-ndUmKVJih
https://careers.evolution.com/georgia/
https://careers.evolution.com/georgia/all-vacancies-operations/
https://careers.evolution.com/job/743999779567675/
https://careers.evolution.com/job/743999781679753/
https://careers.evolution.com/job/743999796967155/?fbclid=PAAaZ3VDO9aJdCxxgmrOxYzhQP60hOkz3ZoR1NJSZ1_WRRQ_FWf9e4ysFV5H8_aem_AcMAWCXYX1oPHQKLrj3fDeZUKzQjje342Y5HVVojwKb-Foq0Fdc3sfI4mJ7LhmHujIg
https://careers.evolution.com/job/743999797537209/
https://careers.evolution.com/job/743999801444811/
https://careers.evolution.com/job/743999814092718/
https://careers.evolution.com/job/743999837020274/?gclid=EAIaIQobChMIxLKK2uKRggMVTIkAAB1LQgE2EAEYASAAEgJYoPD_BwE
https://careers.evolution.com/job/743999858203161/
https://careers.evolution.com/job/743999859599601/
https://careers.evolution.com/job/743999878284866/
https://careers.evolution.com/job/743999884126965/
https://careers.evolution.com/job/743999893452743/
https://careers.evolution.com/job/743999895978043/
https://careers.evolution.com/job/743999910644393/
https://careers.evolution.com/job/743999912134933/
https://careers.evolution.com/job/743999919201063/
https://careers.evolution.com/job/743999925121638/?utm_source=facebook.com&utm_medium=display&utm_campaign=jaunie-darbinieki&utm_content=ux-ui-designer&fbclid=IwAR2oDhKoycqizR4uKG5nbezCIE__ODw-XfTVzqP9L4H_I7rZGHLm1JL60Vc_aem_AQ_p-_4onXSbv10i1xUIV8eRHJZyo59HlZttS2Tvcg1grZYJuJRpnWDE50URroWJhWvYmb4r9y3P9lfsLThl-dlq
https://careers.evolution.com/job/743999925121638/?utm_source=facebook.com&utm_medium=display&utm_campaign=jaunie-darbinieki&utm_content=ux-ui-designer&fbclid=IwAR3ksEngkTKwtoKfKUAldvKF39JiLU9QudAq-GxrauFRrXcO6iWLU3uPTmI_aem_AY5a70QZysY9ieNfSySHItIWiEMYKqBEc_9wmzTGOZOQefkVG5bK11nsE5CY6MAIWDj0VDEVOK8m4TJZyrINYr9p
https://careers.evolution.com/job/743999925121638/?utm_source=facebook.com&utm_medium=display&utm_campaign=jaunie-darbinieki&utm_content=ux-ui-designer&fbclid=IwAR3ww0iymsSoqXoE2W4drET-03DT2gmQepEAqWWdvPJeJrIOs1_zRKYX3Ao_aem_AWunwKmH2Z0OD5hyPHSpXkvlek3Fg4vCYB5vlE_LQ2ZUFk3lQBYc0GhhOeQTBqXDo6mHrHu1iPiXJk21MnM0OYAx
https://careers.evolution.com/job/743999925121638/?utm_source=facebook.com&utm_medium=display&utm_campaign=jaunie-darbinieki&utm_content=ux-ui-designer&fbclid=PAAaabmCuSqnrCk0VbcOMlB-JUDJkP31y47NuQf07dTNAP_o_MxfGOxjtDBb8_aem_AcM1NF6FeT99clti2XemVvPxsIceYz8o5ksuAc1bh_uKj63ocyqe9TkycttZztSAHreCJ0-bl0HUOE2hpCZKto3i
https://careers.evolution.com/job/743999925121638/?utm_source=facebook.com&utm_medium=display&utm_campaign=jaunie-darbinieki&utm_content=ux-ui-designer&fbclid=PAAaamMxRiph6SW1YxAknSr3Oe887ZBTaudB1QhAf22rSL46hZrI59hw1cY1U_aem_AcND08cMPEZSdysGVx2rWClyHIVt9FbUn1v_1PG2snq8tGGa-YweFCR4ufBSfiyDIzsrPu9NWQqtc8rDBp8GhoS_
https://careers.evolution.com/job/743999925121638/?utm_source=facebook.com&utm_medium=display&utm_campaign=jaunie-darbinieki&utm_content=ux-ui-designer&fbclid=PAAabGKNPD6WSsi7Qwon2hN36w7UsIuFnFsCr1B_lGC7qNlMlOuRhm0lfLU7E_aem_ASVp15q3fvVsKyN7Bc9mHyAhQV-rmDZ00-chnphFyIMVY3r3u44HBlt1i6mg0F2Sw4q7EQ0afSnE-YRXQBzeHSio
https://careers.evolution.com/job/743999925121638/?utm_source=facebook.com&utm_medium=display&utm_campaign=jaunie-darbinieki&utm_content=ux-ui-designer&fbclid=PAAabI9NWtYI2HMtSptaYgIwse_34ZTufanK13Jt9rFbq3QEhA0wtzFFsbjuE_aem_AbYFa4K5ZrA12dmagJ7EbnWKpwOdjLMRxvxx2Cn803_WdCKC1OWEgBBNMpACdnE0D0w6CV8lGMO8zPEMN6F2FqRw
https://careers.evolution.com/job/743999925121638/?utm_source=facebook.com&utm_medium=display&utm_campaign=jaunie-darbinieki&utm_content=ux-ui-designer&fbclid=PAAabVywzHru09v5utOF6CXGCi5JLxdYqpz_imb0C7aEtLPvVaGwSglo1p9KE_aem_ASW9a8nKU5BXVFyV7H-1URQIkZBg4nxfSEuoy_EVctfwC8Lzk8N3orli3HX2p0E_A9cJMtUTMpQoi4iP7by22d2G
https://careers.evolution.com/job/743999925121638/?utm_source=facebook.com&utm_medium=display&utm_campaign=jaunie-darbinieki&utm_content=ux-ui-designer&fbclid=PAAabXBoqffCgI3ulruHHNxQfUA3tPmKp2LXepWABCUHdGL0jYKKLOA20HMNQ_aem_Ada4wcgDzyuM7z-xH9123a_CohzEQ6Ie0vahVRym5OaDfrJdUtfjNXpmHukJyVqROIjCfrQpf7mUp95T--S0qDaR
https://careers.evolution.com/job/743999925121638/?utm_source=facebook.com&utm_medium=display&utm_campaign=jaunie-darbinieki&utm_content=ux-ui-designer&fbclid=PAAaY67aZ3zfu6Tj_O4AZrvTJcxRyd00BOcFe-EIKgvemFg8rs96a_F2WjVlc_aem_AUnVtv2a4XAvgOVq2LZ1LkVhT7ldRxfytqc_H5Ptg0xY_oAEB9yyXXqnCGXIZH6s_SKgYGStRvaY1BOAInPCLQpW
https://careers.evolution.com/job/743999925121638/?utm_source=facebook.com&utm_medium=display&utm_campaign=jaunie-darbinieki&utm_content=ux-ui-designer&fbclid=PAAaY8d4Gry1-A183e-WXjw-oNeLAFndyNMOFDl_dZQrCNczFL5pDzrD4VVwo_aem_AcO8HGRx_0_RS8J-reG22xemkubFRkbylFSYD5KA6DmcYveALn4XUQIC4AVgtza0-6THvUPkc_nIWgKvRicU-m8k
https://careers.evolution.com/job/743999925121638/?utm_source=facebook.com&utm_medium=display&utm_campaign=jaunie-darbinieki&utm_content=ux-ui-designer&fbclid=PAAaYEOfvjAqlySZ36RiUSVGdT8hPNueg3Ytc1rdKaxoQFkTWutLefdcJ8OlE_aem_Af_zCxlpqVmTDZYItDlv-dAIUqetCbZjmMrTdda3ZpaEhlKy0z0vaHGnobP6rjKO1__zFgv0vHcvYC7tRK-stnJ2
https://careers.evolution.com/job/743999925121638/?utm_source=facebook.com&utm_medium=display&utm_campaign=jaunie-darbinieki&utm_content=ux-ui-designer&fbclid=PAAaYHaKC4MfxxZx-peqWkPxR1coFs9R_4goAUxoRzCFfBrO6CxSSxLcPjkHA_aem_AUEaygz0lHiXcDfoU1AYzYe_fyLKlufMxER-tNpIl81TVg6M6cboNwcDUToaaxoK0guNCjPcFIk-JfiStY3OQcSS
https://careers.evolution.com/job/743999925121638/?utm_source=facebook.com&utm_medium=display&utm_campaign=jaunie-darbinieki&utm_content=ux-ui-designer&fbclid=PAAaYkwM67y2254Pzrkuf71EIG7ysSFTcpXr41zhD7CDmYOT8V9gpcU8IABys_aem_AUeA9P7rKVwPYf1W1wyEGbYEnyeT7WycfsC-mfFM1B3ds1GRyaHS5230d6gLNBT26H5XXe18bMs-QNojp2DFiVsu
https://careers.evolution.com/job/743999925121638/?utm_source=facebook.com&utm_medium=display&utm_campaign=jaunie-darbinieki&utm_content=ux-ui-designer&fbclid=PAAaYlkmVl_F3C7DCZXIM8X7FfQB4SVT21jLTZRG4wd_7Ff9kKhtlsAOKhWmM_aem_AZ1g2kXjozqvcomv73q5_noWBe3-uriBW_sOUEYiCV4i_Ij4gDYWqPJEryqcLFQ-MbsygZf8JlULcetrwiQCdLDk
https://careers.evolution.com/job/743999925121638/?utm_source=facebook.com&utm_medium=display&utm_campaign=jaunie-darbinieki&utm_content=ux-ui-designer&fbclid=PAAaZ1h12Vv_xXFeJ2eJexcbJv-dug6KcVNf7aY7vZQIyYWB-NBeASk-sCrLU_aem_AXdyK15hKktgLEWFUAQhQymutokGirRErZ1v4uWqKfUDoExAcgXbfjhM8VJd4rfhCYPpVi48Pdd0AFviurf5Voeq
https://careers.evolution.com/job/743999925121638/?utm_source=facebook.com&utm_medium=display&utm_campaign=jaunie-darbinieki&utm_content=ux-ui-designer&fbclid=PAAaZcUtZLJ3gTKILy3Zobh__SVWGGzKAiLxG1dbhXRBywhB6gAzgxJ4AhFyU_aem_AXexcjXbVlvT1L7-iR17gh-qeAH7nYxJqfc-O1JOuvqQd59OWJsu_Z5Io20RNON6IDkvOf3etHagCKACQ1xByMY9
https://careers.evolution.com/job/743999925121638/?utm_source=facebook.com&utm_medium=display&utm_campaign=jaunie-darbinieki&utm_content=ux-ui-designer&fbclid=PAAaZHqixNryU26PziEaaTE1PNijSU-vjymQbTyZvY6gpLFobe-LQWmsK-uGc_aem_AXg18cIFcsKyNiQCAG1_pLzKgx-R6AW5GPWzFCcqSnP0oB70T1iKhveec4kpEqY7eAs7wK92YpjKa6XVNtSxaApp
https://careers.evolution.com/job/743999925121638/?utm_source=facebook.com&utm_medium=display&utm_campaign=jaunie-darbinieki&utm_content=ux-ui-designer&fbclid=PAAaZkM-tAudcqfGXUw4lSyKHbfOVK5zpAX9oBhwTZm56WkBxLq9M-fD7wJ3U_aem_ARrVV57iF0-9Juu-U5GdAcGtEsKQ3wphXrFief5pwwzpAc_rZiBdjxOOEJAHcTyURvHScMAcPeXWoUZO3q_99Aww
https://careers.evolution.com/job/743999925121638/?utm_source=facebook.com&utm_medium=display&utm_campaign=jaunie-darbinieki&utm_content=ux-ui-designer&fbclid=PAAaZlsjVmcxtrZoIQIgM1mvSaFEGMphI6FN5pX2v--YRBdGJqWpZgOxIB9ws_aem_AUlOy2jLD6PLvSoIelGXWA2TNz6xmgAp6PXtDuY1kQDqWskuwE9wkHHMMT50miMHrGMrQovcUI8BISfuiHIfWIvm
https://careers.evolution.com/job/743999925121638/?utm_source=facebook.com&utm_medium=display&utm_campaign=jaunie-darbinieki&utm_content=ux-ui-designer&fbclid=PAAaZq4gm-YrsOdIFJSU97LiwPAu_tbPXDnnXBJvOj6KfrQtPO3EtNS41M-UM_aem_AUWGbaXkB2cbln3qn--8CVBEIVkKjyUyWOEqM9ENrCSXwnMXljYm786Et2mqw0JWSneXilD1QEX7bOYnUjBXzM-p
https://careers.evolution.com/job/743999925121638/?utm_source=facebook.com&utm_medium=display&utm_campaign=jaunie-darbinieki&utm_content=ux-ui-designer&fbclid=PAAaZRtJzMcu6FkijWhXisylkHd65clsq9Qr5ovljmWQb97C5puSt14WVl-q8_aem_AcNrMQacHHw22VcYSOJ2NFICaaQytu9Ia5wpPe-E5qn6KwiwkGRMO3sX5lqo1XTJ2F8vvi5yrd4pVdT4QeTmQPkE
https://careers.evolution.com/job/743999925121638/?utm_source=facebook.com&utm_medium=display&utm_campaign=jaunie-darbinieki&utm_content=ux-ui-designer&fbclid=PAAaZyStM_NpNa80eFRGfFJl4D6aAN7Rf6uTWKEe_ZEqaiRJQga1eIhczrV48_aem_ARogpmm28WiC1lXUl5HFK-DrQig3fkTpZQoHkE8QxHw42zrtwp5rZnCtqlLOP_D7fkXm4L0n9clC78Y265YJp1RJ
https://careers.evolution.com/job/743999926499898/
https://careers.evolution.com/job/743999931624514/
https://careers.evolution.com/job/743999931833363/
https://careers.evolution.com/job/743999936324931/
https://careers.evolution.com/job/743999936560484/
https://careers.evolution.com/job/743999937791353/
https://careers.evolution.com/job/743999938500533/
https://careers.evolution.com/job/743999940024553/
https://careers.evolution.com/job/743999941417213/
https://careers.evolution.com/job/743999944581423/
https://careers.evolution.com/job/743999946106563/
https://careers.evolution.com/job/743999946481314/
https://careers.evolution.com/job/743999947037924/?utm_source=facebook&utm_medium=cpc&utm_campaign=Evolution+traffic+HR+administrator&fbclid=IwAR0DseTNA4k3-LH7QmeaE3IaQG6wCcu6mE5MFSb3R2MUze70YGiFFzw7kPI_aem_AToysW1oHUSW9b9G0ECwklmJoSIHCjU7W7gjKphPRIoXjgILZb40DcvxmUHTxk4SBBm81RW0LU3hnWCTurNOWgf3
https://careers.evolution.com/job/743999947037924/?utm_source=facebook&utm_medium=cpc&utm_campaign=Evolution+traffic+HR+administrator&fbclid=IwAR1Szsq3skPqOMAq0RiBkp-H2uuacAU6ow0qmI0YMy_6DYKvl-ZpYhQ72fI_aem_ATpr-pHJ5erXrQcBOjlgfhEgXyNaUHx51gy4Ve60eEbmsnjaSDp7urd2JluKkrvJoIkarJyoNmVEZt77IwZlF6zW
https://careers.evolution.com/job/743999947037924/?utm_source=facebook&utm_medium=cpc&utm_campaign=Evolution+traffic+HR+administrator&fbclid=IwAR1xZscq04ovQcbvTTgWQv--tmwtBlgavCHVNQQT5XJ9mUHzIqmVrljrUx4_aem_ATpPEbxwrN-Duzlxn2jHHB25axSK7pwpPJAUtP1XfdPfgxtXTmHGrSzYPNaaw6wwNxAq7ls8QJZtTLMrTKE-Uwl4
https://careers.evolution.com/job/743999947037924/?utm_source=facebook&utm_medium=cpc&utm_campaign=Evolution+traffic+HR+administrator&fbclid=IwAR37gpPgFRKoC1JhoT9Htp1pIC21ii3XVZ3hBynbmtLFBgSNDoT-H05bSBY_aem_AToHin9Ue57wXAigq1xEdvOFXcfe9FBQtRgzfjzi1iQzpiyDdGejc_YcXLdi3TQ4YivctEMLTOjB-UxUL7Quu-gA
https://careers.evolution.com/job/743999947137628/
https://careers.evolution.com/job/743999947211053/
https://careers.evolution.com/job/743999947784984/
https://careers.evolution.com/job/743999948410783/
https://careers.evolution.com/job/743999948453824/
https://careers.evolution.com/job/743999948606724/
https://careers.evolution.com/job/743999948616369/
https://careers.evolution.com/job/743999949451770/?fbclid=IwAR2XU-CkJhKE3rcGZURgwsMHlMCvfBz-W9qPK2si6Dhd1ThIfA3sUxu765E_aem_ATrDu1_0rSMrlJcmI7Uj9T92CRYGtgdanY4bwDxncyHtZ-GErZkbm1UJrfluewieWXs
https://careers.evolution.com/job/743999949451770/?utm_source=facebook&utm_medium=cpc&utm_campaign=Evolution+traffic+Marketing+Project+Specialist&fbclid=IwAR0YXQYkro8j2LbJts11-xiSJZCoL5cFwC3VFz_ffqvTQ5lhtknzsEMFkIc_aem_ATqz1MNvIRvAcHGF72F8Md1vC41q7bwmCWsx4yfPvco8OSv8-wcI80BDS79wJCfM-fPTjR5rw4P-Sc0S46d2oRQ2
https://careers.evolution.com/job/743999949483394/
https://careers.evolution.com/job/743999949583188/
https://careers.evolution.com/job/743999949739413/
https://careers.evolution.com/job/743999949739608/
https://careers.evolution.com/job/743999949761794/
https://careers.evolution.com/job/743999949796718/
https://careers.evolution.com/job/743999949799114/
https://careers.evolution.com/job/743999949802114/
https://careers.evolution.com/job/743999950596348/
https://careers.evolution.com/job/743999951042938/
https://careers.evolution.com/job/743999951043883/
https://careers.evolution.com/job/743999951203676/
https://careers.evolution.com/job/743999951214088/
https://careers.evolution.com/job/743999951241593/
https://careers.evolution.com/latvia/
https://careers.evolution.com/latvia/apply-game-presenter/
https://careers.evolution.com/latvia/apply-shuffler/
https://careers.evolution.com/latvia/dutch-speaking/?gclid=CjwKCAiAg9urBhB_EiwAgw88mcvbp7xaGwUJwIem6aIaYERExUkYnqmlOs6d6qnwKwiU1g_hSLdFrBoCroEQAvD_BwE
https://careers.evolution.com/latvia/dutch-speaking/?utm_source=facebook&utm_medium=cpc&utm_campaign=EVO_Dutch_Belgium&utm_id=23859068475270044&utm_content=120202533637630045&utm_term=23859068475320044&fbclid=PAAaYSXudpnCg4gFFzRr_l2cxXf8O5f-4mi5uaC77gohiUI3S2XwllffrVs8w_aem_AVBQlwAzM6mkC7CMbwU_KkvxmDMg3B_mo0D-aJZYGvsiFL14brwY_56_dwgEHPaHR8vhrCNXsy574tb2-3VW-h6Q
https://careers.evolution.com/latvia/dutch-speaking/?utm_source=facebook&utm_medium=cpc&utm_campaign=EVO_Dutch_Belgium&utm_id=23859068475270044&utm_content=120202533637670045&utm_term=23859068475320044&fbclid=PAAaaj8OC46tGRkxXwaW6irbqr-4BzSdb_aXJwWX3NCkd08lpHqdpURIK1Ox4_aem_AemhVQMf4Vpe8UKFzRS53qXAVbz_PATVTLUD7A5tJ-preTZlOL5VyfdIYaFhHm1BGATnur-ycQ5vbnnvZSZH6DDy
https://careers.evolution.com/latvia/dutch-speaking/?utm_source=facebook&utm_medium=cpc&utm_campaign=EVO_Dutch_Latvia&utm_id=23857929535580044&utm_content=120202535416560045&utm_term=120200452530990045&fbclid=PAAabcbQ10dzMw1RgaGgb3wfIVqbnFJUbsnS0dvgg_jxR5mmOAt2FP1g9WOF4_aem_ATq7wcgVK6oKyplQN5E1-DZ9zsXb5Icet5d4H3a4FEuflRvzTVT_jewOClZuKOavNbvYC7dcPjnJcn819r0-i8m7
https://careers.evolution.com/latvia/dutch-speaking/?utm_source=facebook&utm_medium=cpc&utm_campaign=EVO_Dutch_Latvia&utm_id=23857929535580044&utm_content=120202535416560045&utm_term=120200452530990045&fbclid=PAAabzTkDr4fl-wrZ2W3t7q7GA4IZBj4ZDAUKExCNeYZqvwqYxxD3x_pt9RMw_aem_AZxlp1NDVAvOw3kGgHdDcJDuu9o33e0m66y_BWTKmOo79Gej2TRQBK1oFaSSP9tW8J4409nFJcM_P5X_jYHTuP57
https://careers.evolution.com/latvia/dutch-speaking/?utm_source=facebook&utm_medium=cpc&utm_campaign=EVO_Dutch_Latvia&utm_id=23857929535580044&utm_content=120202535929620045&utm_term=120200451341730045&fbclid=PAAabPNJkA4g8OAG4fGEe_SNkj1kyFXLVB_oySpyhlMXBf-839h8BLRdOIFrE_aem_AToaGTnCLp9FhB7-tSJEbYvVb0KjqKKP6nYk7rSMs3pwLGghN0EV00KAZpQn4imQOdgoIB6whbqczneBFN4AjebZ
https://careers.evolution.com/latvia/dutch-speaking/?utm_source=facebook&utm_medium=cpc&utm_campaign=EVO_Dutch_Latvia&utm_id=23857929535580044&utm_content=120202535929620045&utm_term=120200451341730045&fbclid=PAAaZi2U7W7LxVJgikQ1mDaV9GGXFf1yc_fJifBvt3CasPf6qSwOkC3oTomaY_aem_ATqZbjtrMIgR6NlDzd2MDCmSAqUP5jSzhSHujcwdzQqxLwtwHaIcvtzLlKsRRhbELAu2B93eV90WM9SxsOUVebJq
https://careers.evolution.com/latvia/dutch-speaking/?utm_source=facebook&utm_medium=cpc&utm_campaign=EVO_Dutch_Lithuania&utm_id=23857929457770044&utm_content=120202536624880045&utm_term=120200453800460045&fbclid=PAAaY3TsQRoLPL7RcCtLkcBc-pEMkM8mMYVkSFC5E-KDVvr7jkR40V7iV1edo_aem_ATqtRrukIrSW2YPSwgFNxpioHH4nm1SdlKZuDNi1T4nhNpnDojhCFMDvPusZoeWPdO4hLI2LzfVWa0-t_xNxva9b
https://careers.evolution.com/latvia/dutch-speaking/?utm_source=facebook&utm_medium=cpc&utm_campaign=EVO_Dutch_Netherlands&utm_id=23857931217990044&utm_content=120202534395650045&utm_term=120201281542610045&fbclid=PAAaalOTxghpfFewI19NvOyWzwM866G-jO6NemiI2A0TzZ36OAViT27R_N77U_aem_AfnETM4cKHTYJ8QHD070YIAfyZjySkT4UkBALa9r5hbBgsfgUNekd8k-2fITOkEALHjQCMZbdFuHD8FfXw0igXW6
https://careers.evolution.com/latvia/dutch-speaking/?utm_source=facebook&utm_medium=cpc&utm_campaign=EVO_Dutch_Netherlands_07.12-13.12.&utm_id=120202611291600045&utm_content=120202613971410045&utm_term=120202611292720045&fbclid=PAAaa_r3Uqi_dhTR2s_gyMj2H5YG0YYHmxuGGr_x_xCi5tMQXn5OxWzVrfyOc_aem_AZwAH3J8KzUumqiz0QWnjwKnTNUE5olPlY8tIBgQKCPa9-7DZ8Hzn-uQRrr2zogUHzaZ3PwElXZTyN-5H3Jx_27e
https://careers.evolution.com/latvia/dutch-speaking/?utm_source=facebook&utm_medium=cpc&utm_campaign=EVO_Dutch_Netherlands_07.12-13.12.&utm_id=120202611291600045&utm_content=120202614265090045&utm_term=120202614265080045&fbclid=PAAabY5HTAIYvYsHJF4IZg2AYeTaoBPsmEySFY-Hu396jfRHLQzmk-P0xiOBA_aem_AdGYtFTx4SIY8oEsF0nJiPJHWLnXmZLkzPM-nwNg5OA3RaW0pL1lXnbho4CfGNVIEKvU59uEjulALwTbTMGgYkhN
https://careers.evolution.com/latvia/dutch-speaking/?utm_source=facebook&utm_medium=cpc&utm_campaign=EVO_Dutch_Netherlands_07.12-13.12.&utm_id=120202611291600045&utm_content=120202723304120045&utm_term=120202723304140045&fbclid=PAAaZfwzM4Y-cBCx6dWjc8FdcbufIPCxMXab0m9hSDjd2RV8V0qvwfQRqSkCs_aem_AZzbA2nq7Vmqe15k-Dh_AbTh8clKFDbsbrYr-iBbQ5e8zLUOUsx_KRV0Y0S5tzDpLxWy1ygPSee2JQtAQMRtZeIP
https://careers.evolution.com/latvia/dutch-speaking/?utm_source=facebook&utm_medium=cpc&utm_campaign=EVO_Dutch_Netherlands_07.12-13.12.&utm_id=120202611291600045&utm_content=120202725068470045&utm_term=120202725068480045&fbclid=PAAaYuylz10xwgDUMMClA2ZicmOFaju-V-SnzOHOipmqNYyTqxdBQzIR0Gahw_aem_AVCPw7tV3u74eVWG9PS_PnZn_sUrpRJS1kx-sOMNSwMYTRVDQz2YRlPpcMHiqBoPMA7DAVTyhTi5k4tdp7KopGUU
https://careers.evolution.com/latvia/dutch-speaking/?utm_source=facebook&utm_medium=cpc&utm_campaign=EVO_Dutch_Netherlands_07.12-13.12.&utm_id=120202611291600045&utm_content=120202725068470045&utm_term=120202725068480045&fbclid=PAAaZo6plIh-8dsD7W-vKpKyzGOAdN_aBB46Z3WcqSo6PCuhp80V2A1PkbnGc_aem_AZwc-klPh55XRKvE6sCIYIErPjtdFyGSLNJMYcreKhVIgnLGGqklfe0UEoXhMMfQqMpjaF_1mytfEavSfy5Ve4UA
https://careers.evolution.com/latvia/studio-operations/
https://careers.evolution.com/latvia/studio-operations/?gclid=Cj0KCQiAyeWrBhDDARIsAGP1mWQd-xwphCZpgmjVzfumW9bRwTEPeieFsDyTwUI6PqxYWRZbDfL9dscaAtb8EALw_wcB
https://careers.evolution.com/latvia/studio-operations/?gclid=Cj0KCQiAyeWrBhDDARIsAGP1mWQKwcuJCNyvbODCE-V9GIEPP307F_P4lOLEmVZ2p_R5kagnqxHMggYaAgMWEALw_wcB
https://careers.evolution.com/latvia/studio-operations/?gclid=Cj0KCQiAyeWrBhDDARIsAGP1mWQlYOTiPWBBqDjyHGhSLwTBrcVrZwFax7feyk1Yu4PFwfTQ_xI6egYaAlSHEALw_wcB
https://careers.evolution.com/latvia/studio-operations/?gclid=Cj0KCQiAyeWrBhDDARIsAGP1mWRifgSeMuVHUPwWdogT8tmwgGZ7rmnUu3bDykn35zG6PXdaBZLyk5UaAtzWEALw_wcB
https://careers.evolution.com/latvia/studio-operations/?gclid=Cj0KCQiAyeWrBhDDARIsAGP1mWRo0n1w6mwfsMDctxhLjV7gjkC2oDgnDxht8AQkCatJMHHzwsVrjDMaArB7EALw_wcB
https://careers.evolution.com/latvia/studio-operations/?gclid=Cj0KCQiAyeWrBhDDARIsAGP1mWRTLwYugusCy0p6kpCqcvfV5O4BPakOk3pkkcsQ8ZBLSL9b50N7MQ4aAivmEALw_wcB
https://careers.evolution.com/latvia/studio-operations/?gclid=Cj0KCQiAyeWrBhDDARIsAGP1mWS2QAOWmIkgb6V5gXsMnmUW5EDDg6NJvUQzi3C-wCp3PB4N8hog7lcaAqX1EALw_wcB
https://careers.evolution.com/latvia/studio-operations/?gclid=Cj0KCQiAyeWrBhDDARIsAGP1mWSssdKL0GYf_VA53ypeOE14zRbHuEg9gEAIgPxNJtbP27Aedocxw1AaAu3VEALw_wcB
https://careers.evolution.com/latvia/studio-operations/?gclid=Cj0KCQiAyeWrBhDDARIsAGP1mWTCXjJewwFUQeS6o5WQmxMp3lSSEHUMBZuBzsFXqSfbEB3XwFVtR-kaAoRNEALw_wcB
https://careers.evolution.com/latvia/studio-operations/?gclid=Cj0KCQiAyeWrBhDDARIsAGP1mWTDLXyKi8sdcXjLU1txErUbW1ltcJPAD-u1WjWL-pP77RP_ADI4HjkaAma8EALw_wcB
https://careers.evolution.com/latvia/studio-operations/?gclid=Cj0KCQiAyeWrBhDDARIsAGP1mWTOINwluePo-jnGx7mPaBBEEYpMoSt2yzaDck5EZ1df5kYPbWXemU0aAtixEALw_wcB
https://careers.evolution.com/latvia/studio-operations/?gclid=Cj0KCQiAyeWrBhDDARIsAGP1mWTROOoiVwBgmXZkKOTXBIIW8kmdZjPIj3bBvgrV73ARsoEJzxO_HhMaAgbFEALw_wcB
https://careers.evolution.com/latvia/studio-operations/?gclid=Cj0KCQiAyeWrBhDDARIsAGP1mWTVe0uS2AhsYfYDh7oo3UXCxu2dS2iGSFkTgHLYOTwYl7DsRfUKJFwaAitiEALw_wcB
https://careers.evolution.com/latvia/studio-operations/?gclid=Cj0KCQiAyeWrBhDDARIsAGP1mWTWbiAGvdsMKSxWPD5zyBS3qOWHaNLwtyZbaQO-mGNKsJJiDll9T_EaArrgEALw_wcB
https://careers.evolution.com/latvia/studio-operations/?gclid=CjwKCAiAg9urBhB_EiwAgw88marO1X9A6cGcZWQIDEPIMdB9GDu6qGKO9gxv1G7zjyLtco9ENOC23BoCv7IQAvD_BwE
https://careers.evolution.com/latvia/studio-operations/?gclid=CjwKCAiAg9urBhB_EiwAgw88mcREj2VYIg-VmWAOHGCiYgGzMe7ktVnwd_YsexpTW_K1SkVU8dNAlBoCtUoQAvD_BwE
https://careers.evolution.com/latvia/studio-operations/?gclid=CjwKCAiAg9urBhB_EiwAgw88mRhc_tz11zU0MgRJKHWhHBchVJ-2_pqRqTaVsCvAnNrlY3hSa4ulGRoC2asQAvD_BwE
https://careers.evolution.com/latvia/studio-operations/?gclid=CjwKCAiAg9urBhB_EiwAgw88mW8YzMMuZ8CwQmzeRGAcOnONef7WLlavUkoRvBkyuJSvvirkfPVJ5RoCrOsQAvD_BwE
https://careers.evolution.com/latvia/studio-operations/?gclid=CjwKCAiAg9urBhB_EiwAgw88mXQ-5VxpHeuHdrj9QMmXqdivECNR9tQnWdvCDGa1u9Pjnz81znOuyhoCh4EQAvD_BwE
https://careers.evolution.com/latvia/studio-operations/?gclid=CjwKCAiAg9urBhB_EiwAgw88mXQdQdS2VwLZ9iNk-jG9cdohqTWMJgSWbjzho2O4IJRRPMGtMZ2P4RoCZQYQAvD_BwE
https://careers.evolution.com/latvia/studio-operations/?gclid=CjwKCAiAg9urBhB_EiwAgw88mZsGxrxxfznTtlbwV3WrDCyNPNjcTiANwLQUuwRjSwCxV-6OU39H_xoCzDAQAvD_BwE
https://careers.evolution.com/latvia/studio-operations/?gclid=CjwKCAiApuCrBhAuEiwA8VJ6JjbojX5vA4mi2XZuuZkrglr3BVTGggD8xVe45lGbIrwFHFDjqYcLcRoCOnkQAvD_BwE
https://careers.evolution.com/latvia/studio-operations/?gclid=CjwKCAiAsIGrBhAAEiwAEzMlCyOCjLfI6jXWf68F4srQKB8sXfEV3rr2_mYvC4aUAM0sPzAJWge7ixoCorsQAvD_BwE
https://careers.evolution.com/latvia/studio-operations/?gclid=EAIaIQobChMI0dXK3oGIgwMVxxqiAx2hjgJNEAAYASAAEgLarvD_BwE
https://careers.evolution.com/latvia/studio-operations/?gclid=EAIaIQobChMI3tuG07SOgwMVGAsGAB2WIw2TEAAYASAAEgJ8k_D_BwE
https://careers.evolution.com/latvia/studio-operations/?gclid=EAIaIQobChMI4N33-5eOgwMVMaiDBx1sJwG8EAAYBCAAEgIhOPD_BwE
https://careers.evolution.com/latvia/studio-operations/?gclid=EAIaIQobChMI86_y17SGgwMV_TZVCB0HeASgEAEYASAAEgLXHPD_BwE
https://careers.evolution.com/latvia/studio-operations/?gclid=EAIaIQobChMIiqzE_a6OgwMVYhCiAx38jgE0EAEYASAAEgLS1vD_BwE
https://careers.evolution.com/latvia/studio-operations/?gclid=EAIaIQobChMIiZbC0KCOgwMVVywGAB3F_wFUEAAYASAAEgJwofD_BwE
https://careers.evolution.com/latvia/studio-operations/?gclid=EAIaIQobChMIoMClo5GOgwMVDxYGAB3CPwsiEAEYASAAEgJglPD_BwE
https://careers.evolution.com/latvia/studio-operations/?gclid=EAIaIQobChMIoNy98PGHgwMVWUKRBR2fgAaCEAEYAiAAEgKWPPD_BwE
https://careers.evolution.com/latvia/studio-operations/?gclid=EAIaIQobChMIs5CWo5GOgwMVZ5gnAh3O4AbDEAEYASAAEgLVafD_BwE
https://careers.evolution.com/latvia/studio-operations/?gclid=EAIaIQobChMIwsrv6OaIgwMV3GSRBR29wQa0EAEYASAAEgLXefD_BwE
https://careers.evolution.com/latvia/studio-operations/?utm_source=facebook&utm_medium=cpc&utm_campaign=EVO_LV_Konversiju_kampa%C5%86a_decembris&fbclid=IwAR13u-_dSp6GpSoRGz3dC4LIG6X6xxQjgshNZsIR8x-EeyDu6_25gvAIMUk_aem_AVBbtQrbrl_e54RbTpqTeDuU0gcPShuD4AoBdK-gKOHW3Wb-Zms01tl5DwRkcGvjKu6N3Ql6oraZPDRWyoTqIKGY&utm_id=120202439982250045&utm_content=120202530208430045&utm_term=120202530208440045
https://careers.evolution.com/latvia/studio-operations/?utm_source=facebook&utm_medium=cpc&utm_campaign=EVO+konversiju+ENG+Rudens+kampa%C5%86&utm_id=120201436240680045&utm_content=120202531736850045&utm_term=120201460207060045&fbclid=PAAaY3aoJOEin1sO-58ANkgcTBoNIlWAC3NLdfkKQiZuCSPcd5fkNVK--7eRY_aem_ATo7biORr42StWIacXknz1t_b4f6c4BOFg6JHiNvZMUcSurNG1hT6d2df6gFkX_C9V6UC551AeLi0jcNswi8Z0VM
https://careers.evolution.com/latvia/studio-operations/?wbraid=ClIKCQiA4NWrBhD2ARJBAE_PPHU5rV04NGKwnpfWkyfYCCMEr_YiyHcxjiFG3kj8pTH1Yu8Wvtc-ipTibUb61U3iZ1ARk5iUROvQSJl7eogaAnj3
https://careers.evolution.com/latvia/studio-operations/?wbraid=ClIKCQiAyeWrBhCWARJBALCXmk-igs0FPssjSbgokT8hhIraoUTvJQ6J9bDsoZx8mc1brbQrqD4vvdS3uWVJzXe0MbZv5aoHdai5EQKEr6AaAnNS
https://careers.evolution.com/latvia/wp-content/themes/evolution/assets/css/icons.css
https://careers.evolution.com/lithuania/
https://careers.evolution.com/lithuania/?gclid=Cj0KCQiAyeWrBhDDARIsAGP1mWQZuH-7_wPgkdWbsebaqzbHfaQwxhAWgVSVua6hNwt7ubgpnpa6JKIaAkE3EALw_wcB
https://careers.evolution.com/lithuania/?gclid=Cj0KCQjwuZGnBhD1ARIsACxbAVggKBKvbWAIE4r5m-wsKZXMvTVzcJ3Lf79PhI7cdhyO_7pLfTacTPQaAo5KEALw_wcB
https://careers.evolution.com/lithuania/?gclid=CjwKCAiAg9urBhB_EiwAgw88mf3oAtRJBVrShmvdJbP6o8H0PTQUGA4d1juNGej_rubE0wL-v4SyBBoCIAQQAvD_BwE
https://careers.evolution.com/lithuania/?gclid=CjwKCAiAg9urBhB_EiwAgw88mU-2_qxo20ztV1_5D_XFgC0gBlSJBLxUcfKWbw4dZPSF75A88SZ93hoCtfwQAvD_BwE
https://careers.evolution.com/lithuania/?gclid=CjwKCAjwloynBhBbEiwAGY25dIA2hM2CbqEyfZWA2bIzj0ixBvxBbOPyyasRARd013EOMQ_BvAGcNRoCoggQAvD_BwE
https://careers.evolution.com/lithuania/?gclid=EAIaIQobChMImtSM1fDuggMVZIeDBx07jwUZEAEYASAAEgIXJ_D_BwE
https://careers.evolution.com/lithuania/apply-game-presenter/
https://careers.evolution.com/lithuania/apply-shuffler/
https://careers.evolution.com/lithuania/lt/
https://careers.evolution.com/lithuania/lt/?fbclid=IwAR0bhldbIZUKs-8rdv6j38zjcwSFG7ICisxGC8KO3tgQ8b8VX_2DKyVHuyE_aem_AVC8REZKxc10HiCCY8Z6EMHAmMrd7reX0JBA_RuT3gbbKFC8Meyh2dYBfD2ZOG8Fh0s
https://careers.evolution.com/lithuania/lt/?fbclid=IwAR0EBYovidnJCvz6wrGig9DSnCmltVoLxXkrKYyhOxrFGnOZawMmG_b6trU_aem_AVD9DbDAilLAr51JryvxsQtVcaRYinyPp5eayH0INnbswx4Byk9A37GkhR613z5kPnE
https://careers.evolution.com/lithuania/lt/?fbclid=IwAR0O9RvCcZAwJF9g86ZUY19izEP1xTBIXn967dNwbSKdp9CddtbEduxhZrs
https://careers.evolution.com/lithuania/lt/?fbclid=IwAR0v6x6eZ5bhWGRbEanPlmaw8rXKyIPrnz0WIZY23BkPVCrHqvGBL8Zfmwk_aem_ATqh0IBW0GGXC9vb3OgSREy1-TWefreWULZ1PAalXKR9i2tQFW_fWxrw1vDOXoCdC-A&utm_source=facebook&utm_medium=cpc&utm_campaign=traffic_kaunas_december&utm_content=ad1_feed_kaunas_video_pikantiskas_pasiulymas_12_12
https://careers.evolution.com/lithuania/lt/?fbclid=IwAR1ifnDPAkvcL-v1Lhl3iwzoKO8D1YMapKJzbqUF9rrAs0goXOTDQFit3bs_aem_ARqmOKl0Q2DtCsDwER8ECTtw6bu6jfLEinuuUc2sp18D621KOU-eJUroU2Yobux35ek&utm_source=facebook&utm_medium=cpc&utm_campaign=traffic_kaunas_december&utm_content=ad1_feed_kaunas_video_pikantiskas_pasiulymas_12_12
https://careers.evolution.com/lithuania/lt/?fbclid=IwAR1XInR6vpH8Qy2naLhmiT9-zyx9T-5HH-h8w8lVYYSo96--Zp10xH1C4Rs&utm_source=facebook&utm_medium=cpc&utm_campaign=leads_miestai_december&utm_content=ad13_feed_elektrenai_mg_daryk_tai_ka_nori_tu_12_13
https://careers.evolution.com/lithuania/lt/?fbclid=IwAR2x6dkAY8bFqOJy_KbHrGsGLEuph__MntU5vH2RMUT5TOn5o2grehYk2Y0
https://careers.evolution.com/lithuania/lt/?fbclid=IwAR3kp1D1-S51BfGA2MYpsKYYR82NtcQDghRCKLdhAsNZXDu9RbFyfZyzfig_aem_Afnp8O29LGGQ_UM2B9iCTm_hod6DSHbrNwUDTrredtT8P1UE3oA-giq315dib4HUhi8
https://careers.evolution.com/lithuania/lt/?fbclid=IwAR3KqucY9oW_-Xp_qwSg7i6hoMVeSvHBlIfN8srFLTgbn6cfaMMILM6t6u4_aem_ATofMZpcx7QpNww7cZUjlnnSbevRzroZ_fwdCwZIlKM-MjZKeB9rMVPkfC_oTAeSCJU
https://careers.evolution.com/lithuania/lt/?fbclid=PAAaa4iSo46v67a24ttVAPyUlUVRCk0JjiD8_b9G0luMWlmaWJdSxcCS7OGqg_aem_AVDYBjcb2INqG0mgcVD8OfaNYupubgQT8Fesc7WKPVbtkmhycAc7CsVR1pzqa7xbjfk
https://careers.evolution.com/lithuania/lt/?gclid=CjwKCAiAg9urBhB_EiwAgw88mYNLHCyEY9h7k6GJfjC2H9TBzabOTOwGfYFWzWnb7BZ-LAUJSLbEgxoCzpMQAvD_BwE
https://careers.evolution.com/lithuania/lt/?utm_source=facebook&utm_medium=cpc&utm_campaign=lead_miestai_december&utm_content=ad5_feed_kaunas_img_gile_lede_11_15&fbclid=IwAR2uDn1u9mV9rP2fn0UOfaeE4FQKbs8g1T6dgduUArpsL0HUTzsUnV52VtQ_aem_ATp2-pIWB2Eo0rmOl9dow5TEgdDoKBtfPHHbuRuzUSxIngcbE-YhBAeGtAlUWcqrbvzgBlY2gvTqozE4HLr2Y19-
https://careers.evolution.com/lithuania/lt/?utm_source=facebook&utm_medium=cpc&utm_campaign=lead_miestai_december&utm_content=ad5_feed_kaunas_img_gile_lede_11_15&fbclid=IwAR3dtsSu1OFHAzQmzJ6HULa8jgnK6dWapsb91SZcGFWONb2pImZ_wvT-tYE_aem_ATqydHwYQhvWBYyjBC5Bt2vnZfahdX-yVu2fXelqbXmOXG9VxHm9hT5Ifx9Pr0tvWDaVnGssgG-jWxAm2YOvlZSE
https://careers.evolution.com/lithuania/lt/?utm_source=facebook&utm_medium=cpc&utm_campaign=lead_miestai_december&utm_content=ad7_feed_kaunas_video_issisuk_atlyginima_11_15&fbclid=IwAR0Z1AWTaLdVLWMxNFUzH4gDqQfWf5_00jxw-yKxJjnUOHxlNDQcIH4SaPE_aem_ATo_s0vcgvN1EON39JpnB50zLlI2JsuKkSITJfvh_iGdKGyvHki4YWeZtj4nEGJZyyPzFcmggByo4VtX3LFjmiyo
https://careers.evolution.com/lithuania/lt/?utm_source=facebook&utm_medium=cpc&utm_campaign=lead_miestai_december&utm_content=ad7_feed_kaunas_video_issisuk_atlyginima_11_15&fbclid=IwAR2v9njnRphIjkk4ZX0-IlQGXXO3EI1vk41NksVGBhPTejjUrOMobHaKUvY_aem_ATpxuA_Vg_Ix05Zw7FRtfEs6t44L2s_Mokoh03uSuj2dXId7Bw1lzzCvrlmt1Jsw4ZT2E8jUCLhqo1zBk4AYkYCS
https://careers.evolution.com/lithuania/lt/?utm_source=facebook&utm_medium=cpc&utm_campaign=leads_rem_december&utm_content=ad1_img_it_student_11_28&fbclid=IwAR0qTFOgibu1prT3aklr-imUsJXkZf4H0J5nr9CUAh6PWu-vwMSdFRrpc_Q_aem_ATo8vUkDw-UTTNf0GQmWfv8AvG4VXhmugcuOkeghgd5BWk9evYE-sGsdMFkt_B0Kyk-NNgzKwq8PV0KMdWCnHcig
https://careers.evolution.com/lithuania/lt/?utm_source=facebook&utm_medium=cpc&utm_campaign=leads_rem_december&utm_content=ad5_img_be_cv_11_28&fbclid=IwAR0JTNoe6H6O81L2dugzIVFT9f3ijbTEORXxFJZIRs2O-QF6E2Ib5YrriLc_aem_ATqOfZGRYe98W5tydLhGZ6DDajCRpJmJlft7mb-CkU6CoU8g3Of1xFT7qZSXgFNBwhGiSuujvgq3WNQsXAYk2dfM
https://careers.evolution.com/lithuania/lt/?utm_source=facebook&utm_medium=cpc&utm_campaign=leads_rem_december&utm_content=ad5_img_be_cv_11_28&fbclid=IwAR1Ml7z7351OodIVFjuSgnjjDN1f56-D0p0Q-j8Rmx1ipmF1sE7QIarKV7k_aem_ATo1Tfj40FZpnguhahtHHBUiru9lAg3L_TB2QvoDVRSo4F5FfCtDFh3wmkDJv1C8hWuk37Uom2Upn7hycUn6j_jR
https://careers.evolution.com/lithuania/lt/?utm_source=facebook&utm_medium=cpc&utm_campaign=traffic_kaunas_bendriniai_december&utm_content=ad1_feed_img_it_student_11_07&fbclid=IwAR3OW8BD6sN-7LbOgHWk_bmeZwrdZLoMc3r8kGCVKmiqol8PsPkRQl97brw_aem_ATpC33oBZfHFyACJWUrFag2wC0rvn5x4WAeQL0CWesT7QXQoJ41MYl6rFPibHa08G16Qh7WQOe0NUUZJAhv0QWKw
https://careers.evolution.com/lithuania/lt/?utm_source=facebook&utm_medium=cpc&utm_campaign=traffic_kaunas_bendriniai_december&utm_content=ad11_feed_img_laiskas_12_07&fbclid=IwAR1iob6ulCMQf2tjdT6va41WtOtPgs_huI4EaiwUZY_aBIZ2V37aAaRTwhQ_aem_AVBur6JaEoMVetUo9GVAXHDxb2zo-g31fS0cOBbt3SkUDhHHpPuH5k_kpwVoGC3-9JDQ6_GQTaDEKo6pibqNHx0E
https://careers.evolution.com/lithuania/lt/?utm_source=facebook&utm_medium=cpc&utm_campaign=traffic_kaunas_bendriniai_december&utm_content=ad5_feed_kaunas_img_gile_lede_11_15&fbclid=IwAR0IJQPFm67G694mTg0GsKflGiD_jHpHBjvt0zm7HXq73g3pw87h1Su1DN4_aem_ATopKxWkVkG0YLZju03CT_JnU2kLiPxL41w8wYS0l2XdF52ti7n0x1XN4oVWlYMHioeA1kELimvlPP59J5h-g3Zf
https://careers.evolution.com/lithuania/lt/?utm_source=facebook&utm_medium=cpc&utm_campaign=traffic_kaunas_bendriniai_december&utm_content=ad5_feed_kaunas_img_gile_lede_11_15&fbclid=IwAR0Tn8xPJOuVn4_Dtjq85yQIS73HdAfDeCoBCcaXI4hndfyq7b3gds6_8DY_aem_AToENZ6WtKErKJp-xotLDx5hC6v8A2nslr-EFencIGMazYOG_uMEFenbnk6tjNSuwqtaMpOVE7IcRJ9OQeHIzyaf
https://careers.evolution.com/lithuania/lt/?utm_source=facebook&utm_medium=cpc&utm_campaign=traffic_kaunas_bendriniai_december&utm_content=ad5_feed_kaunas_img_gile_lede_11_15&fbclid=IwAR12wg8BHjmQxP9Je1K1KQDmUhD9QdPZG8hfHEMoCWwN0g9zPyrLOb-cwTM_aem_AToT9IPjrtj2RLUmsred1l0xwsasFAS7XXFbR-KHW2wTrPIGk2-6pCRKcvzKblXJFINXtX9fYl2KEO478VSTkf5h
https://careers.evolution.com/lithuania/lt/?utm_source=facebook&utm_medium=cpc&utm_campaign=traffic_kaunas_bendriniai_december&utm_content=ad5_feed_kaunas_img_gile_lede_11_15&fbclid=IwAR17vjnp9iHXFrbElM94-3SoGSQfF-SACkFJI9jB8XnCuE91CTJHslhuARk_aem_ATpPVkBkQvnBnvDbgCoN46054LvPWvCr_lZ-xuua3KKDImvh4oOlSf_CsBYa0dtwVXAKbexRDkLYqjxe9V8PtAz-
https://careers.evolution.com/lithuania/lt/?utm_source=facebook&utm_medium=cpc&utm_campaign=traffic_kaunas_bendriniai_december&utm_content=ad5_feed_kaunas_img_gile_lede_11_15&fbclid=IwAR1GjlNra0bRY-1WpIdZue6ovD6S1_IboxXFnvXJwUgOBZJqqb1vQ3o01VY_aem_ATokgjZw9w-tZqBSPa8HeK7We_wT5xHrOsUhUiklNndHTg0GgftGA9bLcHIy3QxHo0imMnAJDDERNOoWDkHRBOjm
https://careers.evolution.com/lithuania/lt/?utm_source=facebook&utm_medium=cpc&utm_campaign=traffic_kaunas_bendriniai_december&utm_content=ad5_feed_kaunas_img_gile_lede_11_15&fbclid=IwAR2CGitJmj1Gxrj8qTTQuWx53O9v5N8cadnsC_-2tn-670YSdKb3a9o5l4E_aem_ATqkxntHHpLuAIC6bf98oEWz48RhJc6ek0pPqiXP7YmaPnckcg711b4kjVfQ0piNAq_OtuVoK9UurO76QFDhyMNW
https://careers.evolution.com/lithuania/lt/?utm_source=facebook&utm_medium=cpc&utm_campaign=traffic_kaunas_bendriniai_december&utm_content=ad5_feed_kaunas_img_gile_lede_11_15&fbclid=IwAR2HEqU03ziYB-6T735WJ71zYkoM7FkHLSbucTFy-tFgOSW8udSvdSoia-U_aem_ATpFJA8kyrkdsaTwtVt_vnkjX3TyuN_MXgDQRhuD5hEggXfRKMDBHpLMtdFWSsXOnX75pVXPemHTaEAh7IqtWPgX
https://careers.evolution.com/lithuania/lt/?utm_source=facebook&utm_medium=cpc&utm_campaign=traffic_kaunas_bendriniai_december&utm_content=ad5_feed_kaunas_img_gile_lede_11_15&fbclid=PAAaa8vgtXTH0oMK-GJeRooRxdKaUty_rrjT2Qv91JcwPleTP480cNe9dZmis_aem_ATo0M7B0bW8NX5IsH3yFiTOWOnalRGd_P7DrEBy4tbCG-k-OdsreBYoZHl5Bi40CXDZvJVWPmXD5-7Ue6ba8L2R-
https://careers.evolution.com/lithuania/lt/?utm_source=facebook&utm_medium=cpc&utm_campaign=traffic_kaunas_bendriniai_december&utm_content=ad5_feed_kaunas_img_gile_lede_11_15&fbclid=PAAaaGB0bOnfPr5_4Hy-ooL_TzsiW4kDo_LD68lIOq34m3rcXTBaASgO8M40c_aem_ATpehZksXSOpIRj7f22nspA13KtHdhWGLwfxthNefKg9HZPuSSxyFcg_biqXRVZVcSMCrBImwbQbxlqB95FEqa3o
https://careers.evolution.com/lithuania/lt/?utm_source=facebook&utm_medium=cpc&utm_campaign=traffic_kaunas_bendriniai_december&utm_content=ad7_feed_kaunas_video_issisuk_atlyginima_11_15&fbclid=IwAR0hiGyTwzd8OdGsC_Ph7w_k5rfRfOxJ9I9iE97sPAO1mKnaZhtwHSDrZJM_aem_ATrGOY9rQUld6V0-KzowlDwVi3x6tgKKWEJmY8MjUSy68cn_dEe5F1USKKASrm6O6LqoyUXJThnz5BXR2bBSKRG3
https://careers.evolution.com/lithuania/lt/?utm_source=facebook&utm_medium=cpc&utm_campaign=traffic_kaunas_bendriniai_december&utm_content=ad7_feed_kaunas_video_issisuk_atlyginima_11_15&fbclid=IwAR1_H6RHaJJCFdzZPvJjeGaYDctpg7xtIYjC2tM-koXEa2UKxLK19TokQj8_aem_ATpMCPpMiuEyrVlotWiKHWS2w2PO9ttKlRCrQJB1_r8pLia1ugEmXdUKsI4YsnOSH_mx_jSEgPngBR3ZtRyw-jFa
https://careers.evolution.com/lithuania/lt/?utm_source=facebook&utm_medium=cpc&utm_campaign=traffic_kaunas_bendriniai_december&utm_content=ad7_feed_kaunas_video_issisuk_atlyginima_11_15&fbclid=IwAR1NEtDreDMRorL7mZDYYQKVfgQiMFD7lZi5OuTq3Q2io6IDipPn2wBHdZw_aem_AZzn9zknc1NqaHukMDwSWAoRqGjJAaictlPacdbucJ6NtDFDmvGHWl3Zh8OgbOzr57lAhJHgPANPGE3_nTEraUtu
https://careers.evolution.com/lithuania/lt/?utm_source=facebook&utm_medium=cpc&utm_campaign=traffic_kaunas_bendriniai_december&utm_content=ad7_feed_kaunas_video_issisuk_atlyginima_11_15&fbclid=IwAR2p9yx3QnkTsbRH7uijpPqi0nGUkNgnMb5u920JBaqBI6ZfJTIvVoLD6kY_aem_AVCjwDfG3QcdM1lZWAdZ3ws5GWWQMO4LLtIYvDcBB_7ldFL1_9Tv725XdZz5c5ZWl4dk9Nm2z_ODTU3eIB3dCrlE
https://careers.evolution.com/lithuania/lt/?utm_source=facebook&utm_medium=cpc&utm_campaign=traffic_kaunas_bendriniai_december&utm_content=ad7_feed_kaunas_video_issisuk_atlyginima_11_15&fbclid=IwAR2RkAZN3tRuMDUNTlvfciOeHvObByKzgXeXPHhz4b5Ggm2hvlgFLRbchBo_aem_AStSIIirtilBs1QLrSJQK_-WD9Mxpk2C3bXZb3IriMsgVoqwc2X-H-KqoZFiE8u9-UbeFbRnO0F7dcK5I2iKZk1_
https://careers.evolution.com/lithuania/lt/?utm_source=facebook&utm_medium=cpc&utm_campaign=traffic_kaunas_bendriniai_december&utm_content=ad7_feed_kaunas_video_issisuk_atlyginima_11_15&fbclid=IwAR3e2xLERaxGL7sOkyhfo5uFIzuvgc1bpr71IRcw-6O3fh-G-Te77W0i00g_aem_ASucWdA84vv-RsW4Lnl_TTylDvP0515UOF3XfYERcD_P6qPjyiRNJVIrDMov3QIM6I1AL33sLQlLS7iWWAQNR_vX
https://careers.evolution.com/lithuania/lt/?utm_source=facebook&utm_medium=cpc&utm_campaign=traffic_kaunas_bendriniai_december&utm_content=ad9_feed_img_microsoft_office_12_07&fbclid=IwAR3GPiwtjiWUv-qr9AkGHeiILtHMZAHB1l0Z2fObH78ymucnFP_d38R8vio_aem_AdFAbzIOr_4ngvpuDTfZPJQ3OrD3yRP7k4Zj5MdasHjv0DPKISrL-Wur9Rk0YLP1U2sKLf2ORSydhY0KIAjaVmJZ
https://careers.evolution.com/lithuania/lt/?utm_source=facebook&utm_medium=cpc&utm_campaign=traffic_kaunas_december&utm_content=ad1_feed_kaunas_video_pikantiskas_pasiulymas_12_12&fbclid=IwAR0bd4utv-Ib25sVf-0pdFWar8ARJEgr8ISFmSdfpXEcoB9Dq8s2oE2ED4A_aem_ATr0MvNWD3bTjzsM-yxMYRHhdHhGQxpyjYTuaOPE3DCrYWc7QiN2VVmbizO68AIwQ8Xf3pwvKYUyDN2Ea4p5bZGQ
https://careers.evolution.com/lithuania/lt/apply-game-presenter-lt/
https://careers.evolution.com/lt/lithuania-lt/?gclid=CjwKCAjwloynBhBbEiwAGY25dDLyVjpZkCZfTsyhSAZ79RzOdVFTSbzb-_F5sJJp9WWfqzkxH4na3RoCqUwQAvD_BwE
https://careers.evolution.com/lt/lithuania-lt/?utm_source=facebook&utm_medium=cpc&utm_campaign=traffic_miestai_bendriniai_november&utm_content=ad1_feed_kaunas_img_it_student_11_07&fbclid=IwAR0KrPlj5zTDQWJpvOJKk6uoHYTa0J_VrnQxPurKxB57NhTtAjKHqS8bTgE
https://careers.evolution.com/lv/studio-operations-latvia-lv/
https://careers.evolution.com/malta/
https://careers.evolution.com/malta/?fbclid=IwAR14QIy9oWalato5it9ru8ZhWORLnaaYprLFuoECuJyD8NwEncZhRpDAcIE
https://careers.evolution.com/malta/?fbclid=IwAR3G1Abhl3e4mqkg5x3Zw3wMcgx8z2L_IilOqKTKRcJ4D64_88e8PJasTxU
https://careers.evolution.com/malta/?fbclid=PAAabpeTI4xe92q8A0ckkFWIMCPQ-y-1m3CSUEIhKLPbf5iJrEGjuPh-oYWE0_aem_ATrqfsuwKjVKkr3xcITincuGzZPUBqaZwWwqp2v-33UbUIHAVjlYzzN1E0f1C0tZeNs
https://careers.evolution.com/malta/?fbclid=PAAabUmxlojFwLV6jzE0d3oq2n3brGgnUyT-fNCwYa4LXTH2UiYIBWqCfQtso_aem_ATrJnReiMSOxlFKZrHnSk09mzRrp-6v2X5LI6fUD249BK2fV1EeXXFvPENFtWbLYo9o
https://careers.evolution.com/malta/?fbclid=PAAaY6xy7tm06nUWBby9dReMTKeQXuGNOUGCxHhM8ZaITFvB7xSjD9xmaLvLo_aem_ASsB54oGrr_vlCjekGwtw9JmGFXuxVtG5IEQTZddgWBqA06nCkLguvqtjw6kvl66-Vg
https://careers.evolution.com/malta/?fbclid=PAAaY8o289Z0AsfMRl9L96nn7RNqoFm5b7ALm4syMw68q4JLGFMJUz2bwGsYc
https://careers.evolution.com/malta/?fbclid=PAAaYrEj5I_kVWA7ycXVBu_ZlwiIMeYyKB_MBdx6Z7mBviaLADwc3YnT64hyQ_aem_AZwmtI__tFI_Je4hPjoFvEeULffPTQX1R19lpGhaFqzoQUynMNKg_hG5jpXKSPDcD3Q
https://careers.evolution.com/malta/?fbclid=PAAaYt3HVOaaSFg4ENGsSJptWI5I4uADCAI1WioLmwittuzCn5l6TXQmLWnco_aem_AVDLNV1EHalhCzTWqrhXieyNNKpVHdtDnsWSIzqeIKIHey3uEVy3Ld6lEYZgQ4lFhnU
https://careers.evolution.com/malta/?fbclid=PAAaYVVcTgkcWG1EVKGfUmDI64P-tmY6t_KpNTUOSD7zKpKXiwIp1WXdRI5b4_aem_ASWH7q6VncXkb_lptmQnaEY8qDQppt51iBcK4bPwXW3zb5eVZkSjY3GCMUBjnrCyqI0
https://careers.evolution.com/malta/all-vacancies-malta-business-support/
https://careers.evolution.com/malta/dutch-game-presenter/
https://careers.evolution.com/malta/dutch-game-presenter/?gclid=EAIaIQobChMIlvT97q-OgwMV3JiDBx0prgS7EAAYBCAAEgKYOfD_BwE
https://careers.evolution.com/malta/german-speaking-game-presenter/?gbraid=0AAAAAByxMFvbpKzJmxsnyJWCOhbrPLMp_&gclid=EAIaIQobChMI55jntcSHgwMVLVuRBR0Fyw-GEAEYASAAEgKe6fD_BwE
https://careers.evolution.com/malta/netherlands/
https://careers.evolution.com/product-sales/
https://careers.evolution.com/romania/
https://careers.evolution.com/spain/
https://careers.evolution.com/spain/?fbclid=IwAR3diPkTsb4385xRc3i69b9GGSB_pAW24tEa9gHw9P9BBO1W47bihhVqSLk
https://careers.evolution.com/spain/korean-apply-form/?utm_source=meta&utm_medium=paid&utm_campaign=kr_gp_madrid&fbclid=IwAR3vRWJ7nlgq3R-Mb-yAhXmCI8rxbGa90A2BC184xifXUpBzi3Bm--RBQYQ_aem_ATqDH_QDIid9ZPCadqjlYaMe55hc6zXxDRzrTRaOGZlccNDqY5nx7sM9l38sTeLFdyyPOxpoTDMGIe1C035fdly_
https://careers.evolution.com/spain/korean-apply-form/?utm_source=meta&utm_medium=paid&utm_campaign=kr_gp_madrid&fbclid=PAAaZqwpxEZBiksJTujbnTQfghs0qpPspPcDUIRDizCnY51VQbhOZB9q5AzLU_aem_AdGa7iyga4jhaZhNJ4rG4NbWOp-8oEPBxJjnnDRNy-HfwxVdk9fzqQtJt8G6UtHejy1VACYwkZ-TAI12LcGQ2REV
https://careers.evolution.com/studio-operations/
https://careers.evolution.com/studio-operations-latvia/?gclid=Cj0KCQjw_5unBhCMARIsACZyzS2gZiD655FVTB8wuaQUQ-t_CoV3KnGmMjtTRLdQZr-Ux7zEMVD7R0EaAi9DEALw_wcB
https://careers.evolution.com/studio-operations-latvia/?gclid=Cj0KCQjw_5unBhCMARIsACZyzS3y0wx48xMZ91b2xUuUD9-nUqvFDqAVcqTmIg1BhEejs1x1a_qfVXsaAhY5EALw_wcB
https://careers.evolution.com/studio-operations-latvia/?gclid=Cj0KCQjw3JanBhCPARIsAJpXTx5ILRmEDx5OoLc8knQoiUZ1_Ghrk7E6cR6S7f_iX7pOFIO_T_zCdAcaApkWEALw_wcB
https://careers.evolution.com/studio-operations-latvia/?gclid=Cj0KCQjw3JanBhCPARIsAJpXTx5ivIO4FhUL9erPZFfO9CbYLUEB3t_akoEOAmy7Y5cKJkRwnOmVVFEaAou4EALw_wcB
https://careers.evolution.com/studio-operations-latvia/?gclid=Cj0KCQjw84anBhCtARIsAISI-xdIMFDgMvXuBj38y0Wfxs2XdFhRqmCLlW5cKpa8DbYqgLRkcuT2kP8aAvF9EALw_wcB
https://careers.evolution.com/studio-operations-latvia/?gclid=Cj0KCQjwuZGnBhD1ARIsACxbAViplBDf04ydFfgFB9-ViQXHWOh5VcdezMxiq4P_TVMK0YdJ54TFo0EaApMEEALw_wcB
https://careers.evolution.com/studio-operations-latvia/?gclid=CjwKCAjwloynBhBbEiwAGY25dAtBozK1xnIvdhNVyLuyN7TQxweEDWpAefJbUpJ4lrFYNmgmBCkpnhoCYA4QAvD_BwE
https://careers.evolution.com/studio-operations-latvia/?gclid=CjwKCAjwloynBhBbEiwAGY25dDfbgLJT0b0pULIfoTcImnChXlEe7wHZkZ79DUYf6KWVREM59KczfxoCQtgQAvD_BwE
https://careers.evolution.com/studio-operations-latvia/?gclid=CjwKCAjwloynBhBbEiwAGY25dHJ9JsRGuirh6tw2_kBoDeVOAj3N6lvb13OSQu0yf9KdRdvIzSzi3xoCoxAQAvD_BwE
https://careers.evolution.com/studio-operations-latvia/?gclid=CjwKCAjwloynBhBbEiwAGY25dPBkk70nMO54uL2EtXgQC01as5c7LD0R7H-ddU0-ypj0_m_Rw8cJtBoCfQcQAvD_BwE
https://careers.evolution.com/studio-operations-latvia/?gclid=EAIaIQobChMI8NLM4IDugAMVCk4YCh3GXgsvEAAYASAAEgK0tvD_BwE
https://careers.evolution.com/studio-operations-latvia/?utm_source=facebook.com&utm_medium=display&utm_campaign=jaunie-darbinieki&utm_content=eng&fbclid=PAAaaJJVumzDFNcotF_M85vS9SUQIDp_vHqtI2gX4M0kE923SJl2_4D3n0qm4_aem_Af8DOAYMVe5tqVC-EZRMA6x0rMbBviY3wZka9p9xQVxIzq4iEHoypgYrDH7c8Wt_hYBqsL9FQBWZI78LbFWNbigx
https://careers.evolution.com/studio-operations-latvia/?utm_source=facebook.com&utm_medium=display&utm_campaign=jaunie-darbinieki&utm_content=eng&fbclid=PAAaboSPyQI1WmQV8kWsio42HSmBf95tUkDgNb8jdugO1jQNdEAjdv64z_980_aem_AUQkrN-rZPCgKq6huIA2HcSfm7IP4as9uVQU3NU1gWazNReik0GwvtvFoO0fsUKOpSpVPaIHNc4hIUXvYOBDTWPb
https://careers.evolution.com/studio-operations-latvia/?utm_source=facebook.com&utm_medium=display&utm_campaign=jaunie-darbinieki&utm_content=eng&fbclid=PAAaY-yibItavdPeLRQdKvOyoQvdpZg3LR_WHEbU1q6h1WdQqyR7hjSiXMtRY_aem_ARpxFf8nURWstXlE8UfGC9_Ikz8fp6zO6pW3E7deyMmEeUlGafNTfcwvmOb0Pcf73TC1_Zr7Si3U4Y_8Ue8KkyAa
https://careers.evolution.com/sweden/apply-form/?utm_source=PANTHEON_STRIPPED&utm_medium=PANTHEON_STRIPPED&utm_campaign=PANTHEON_STRIPPED&via_ref=yc
https://careers.evolution.com/sweden/studio-operations/?gclid=Cj0KCQiAyeWrBhDDARIsAGP1mWQOFKVKFpI3X40UOxN1Nh2-NiIi3rEJ6Nj8UXJGO2O7xN3aIZmGNTsaAgCGEALw_wcB
https://careers.evolution.com/sweden/studio-operations/?gclid=CjwKCAiAg9urBhB_EiwAgw88mZFQZrVEw3EVcKppXfm45FuUi8Ei2g319rYCyroS31GAiw-ZdVGVTBoCmxQQAvD_BwE
https://careers.evolution.com/sweden/studio-operations/?gclid=CjwKCAiApuCrBhAuEiwA8VJ6JgjXAZ2gsHzSVJlKfSbtWCmlM3VHP-Tw2wF1h6oowNkeYKzoak_NoxoCFIkQAvD_BwE
https://careers.evolution.com/sweden/studio-operations/?gclid=EAIaIQobChMIodzRwOuHgwMVj0-RBR3tswtuEAAYASAAEgIJkvD_BwE
https://careers.evolution.com/sweden/studio-operations/?gclid=EAIaIQobChMIqayN39eNgwMVEfCyCh38HAtmEAAYAiAAEgI7GPD_BwE
https://careers.evolution.com/sweden-studio-operations/?utm_source=instagram&utm_medium=paid&utm_campaign=se_swe_gp_malta
https://careers.evolution.com/usa/
https://careers.evolution.com/usa/connecticut/
https://careers.evolution.com/usa/michigan/
https://careers.evolution.com/usa/pennsylvania/
https://careers.evolution.com/wp-login.php
https://careers.evolution.com:443/engineering
https://ccnepal.org/does-david/business-opportunities-new-jersey
https://christianityfaq.com/
https://citybizplus.com.ng/
https://companies.devby.io/evolution
https://companies.devby.io/evolution-gaming/
https://cv.lv/
https://d144b3e76a356f372e6bcb168e01314b.safeframe.googlesyndication.com/
https://d3baa7843c9a23520133d75c0e160849.safeframe.googlesyndication.com/
https://danskespil.dk/
https://darbasevolution.lt:443/
https://darbasevolution.lt:443/wp-login.php
https://dictionary.cambridge.org/
https://docs.google.com/
https://doramahjong.com/media
https://download.cnet.com/
https://drjack.world/keyword-ranking/1124247/online%2Bcasino%2Bgaming%2Btraining
https://duckduckgo.com/
https://efreeware.net/
https://ekarjera.rtu.lv/
https://eng.evolution.com:443/
https://es.linkedin.com/
https://es.talent.com/
https://evolution.engineering
https://evolution.engineering:443/
https://evolution.engineering:443/ads.txt
https://evolutiongamingcareers.com:443/
https://evospace.evolution.com/
https://f24dff798e1661cb3c76bef4454b120a.safeframe.googlesyndication.com/
https://f4775b310df18f3514f2cfa3add871f1.safeframe.googlesyndication.com/
https://f600bbe21791b194c451f964b783a66f.safeframe.googlesyndication.com/
https://f6838ac64f8177455864d1e65b762724.safeframe.googlesyndication.com/
https://f77fef51e8b0127d07fc1325d25205db.safeframe.googlesyndication.com/
https://family.mykoob.lv/
https://farming-simulator-20.en.softonic.com/
https://fb890ef673a0c8ed95cc5b688c5739ca.safeframe.googlesyndication.com/
https://fcd798f808d4a2c3f021ae8c9826813d.safeframe.googlesyndication.com/
https://femanin.com/
https://finances.theloadedbaze.com/
https://flynxapp.com
https://friendshipquiz2023.com/
https://gameofglam.com/
https://getmodsapk.com/
https://gic.gd/geek-careers/
https://github.com/
https://gl.modsforandroid.com/
https://go107.el3bha.com/
https://googleads.g.doubleclick.net/
https://googleads.g.doubleclick.net/pagead/ads?client=ca-pub-6929606663516337&output=html&h=280&adk=1886812348&adf=3688243342&pi=t.aa~a.1109851269~rp.4&daaos=1701942933359&w=678&fwrn=4&fwrnh=100&lmt=1702000810&rafmt=1&to=qs&pwprc=3633974755&format=678x280&url=http%3A%2F%2Fhuawei-update.com%2Fdevice-list%2F&ea=0&fwr=0&pra=3&rpe=1&resp_fmts=3&wgl=1&fa=40&dt=1702000809401&bpp=46&bdt=15084&idt=47&shv=r20231206&mjsv=m202312050101&ptt=9&saldr=aa&abxe=1&cookie=ID%3D89ed8eb4c93ba282%3AT%3D1702000241%3ART%3D1702000241%3AS%3DALNI_MY1eyPla_81m7i6PgVnrDhPz5YVMw&gpic=UID%3D00000d0f7759c304%3AT%3D1702000241%3ART%3D1702000241%3AS%3DALNI_MZkotICdzyrLtzgEBDwhm7rqCbcWw&prev_fmts=0x0%2C800x280&nras=3&correlator=5977005598721&frm=20&pv=1&ga_vid=1203714416.1702000799&ga_sid=1702000799&ga_hid=236118207&ga_fc=0&u_tz=120&u_his=1&u_h=1280&u_w=800&u_ah=1280&u_aw=800&u_cd=32&u_sd=1&adx=61&ady=96042&biw=800&bih=1111&scr_x=0&scr_y=0&eid=44759875%2C44759926%2C31079864%2C31079988%2C44806141%2C44807764%2C44808148%2C44808285%2C95320230&oid=2&pvsid=1276802093809664&tmod=1724875395&nvt=1&ref=http%3A%2F%2Fhuawei-update.com%2Fdevice-list%2Fags2-w09&fc=1920&brdim=0%2C0%2C0%2C0%2C800%2C0%2C800%2C1111%2C800%2C1111&vis=1&rsz=%7C%7Cs%7C&abl=NS&fu=128&bc=25&psd=W251bGwsbnVsbCxudWxsLDNd&ifi=3&uci=a!3&btvi=1&dtd=1141
https://googleads.g.doubleclick.net/pagead/ads?client=ca-pub-9704515617166616&output=html&h=280&slotname=6129472036&adk=1096661738&adf=2477824325&pi=t.ma~as.6129472036&w=696&fwrn=4&fwrnh=100&lmt=1689581336&rafmt=1&format=696x280&url=https%3A%2F%2Ftrips-shop.com%2Fjns0523nciscast%2F%3Futm_source%3Dtaboola_25223924%26utm_term%3Dmobitech-tn-launcher_1304163%26utm_content%3D3694353878%26utm_medium%3DGiDmW5nKTpDG3WImprvs2Dl1uIIXrcrLCDmVanlkjMQ4siDlo1komuHnkqX7-eV7%26utm_campaign%3DNCIScastJNSFB-EUR-DTM-TS-TB-TS%23tblciGiDmW5nKTpDG3WImprvs2Dl1uIIXrcrLCDmVanlkjMQ4siDlo1komuHnkqX7-eV7&fwr=0&fwrattr=true&rpe=1&resp_fmts=3&wgl=1&dt=1692860007925&bpp=6&bdt=3104&idt=3864&shv=r20230822&mjsv=m202308210101&ptt=9&saldr=aa&abxe=1&cookie=ID%3Daf695dd80de059c9-2252554f54de00c7%3AT%3D1692417982%3ART%3D1692649403%3AS%3DALNI_MZno-3zgCrE-V64PujenPidFONtdQ&gpic=UID%3D00000d8c584d98ff%3AT%3D1692417982%3ART%3D1692649403%3AS%3DALNI_Ma_JtH_ROf2jcJE7eLgihDlXOykSQ&prev_fmts=0x0%2C696x280&nras=1&correlator=5547739615055&frm=20&pv=1&ga_vid=1602329225.1692417983&ga_sid=1692860010&ga_hid=34506685&ga_fc=1&u_tz=120&u_his=3&u_h=812&u_w=1443&u_ah=812&u_aw=1443&u_cd=24&u_sd=1.331&dmc=4&adx=187&ady=1680&biw=1443&bih=812&scr_x=0&scr_y=0&eid=44759837%2C44798878%2C44759876%2C44759927%2C42531706%2C44800658%2C21065724&oid=2&pvsid=1171948554336660&tmod=146224339&uas=0&nvt=1&ref=https%3A%2F%2Fapi.taboola.com%2F2.0%2Fjson%2Fmobitech-tn-launcher%2Frecommendations.notify-click%3Fapp.type%3Dmobile%26app.apikey%3D31094d26f8c601d99266a396e700f7acf975ae74%26response.id%3D__623e0f1f3ed89ac88fff41ba59fa1db8__91707032a2d78cd92ae0e549234ad3c7%26response.session%3Dv2_a501044c237ac312d7f6d3b8225f5a71_58946630-4973-2108-6765-894663049732_1692859992_1692859992_CIi3jgYQ48xPGPXD-ufyhpvEqwEgASgEMIQBOMPNC0DkkxBIxczhA1D___________8BWABguwFo0sGzhdja8MYBcAA%26item.id%3D%257E%257EV1%257E%257E-2474911854236445667%257E%257EGHhoaV1qLET-Nigpuul4m-cEVZRmQ4W-f4wAMpCsi20e79Ni-eBnd8iQ4KmvvX-QHpTON_mcJNe6cAQBh29sEfTgtCl6v0Swo4JU9ooxeuoUBFcvkfli0orUFMdzYsQ_7_xnMM8TQUZrFzFhYv3vUjZ2yhHWcbY40rUaypv8faSptUPjd1zcqlbrQtQlvRLF6dcW0PsU_dulUrVTmaDm0RoTeIrt5sx_ydDi9n2STzHm0KEpU1HY8MW0M8nfoYuL%26item.type%3Dphoto%26sig%3D59c1300805dc73712eac9cfae66dd53fd454c5c9bf11%26redir%3Dhttps%253A%252F%252Ftrips-shop.com%252Fjns0523nciscast%252F%253Futm_source%253Dtaboola_25223924%2526utm_term%253Dmobitech-tn-launcher_1304163%2526utm_content%253D3694353878%2526utm_medium%253DGiDmW5nKTpDG3WImprvs2Dl1uIIXrcrLCDmVanlkjMQ4siDlo1komuHnkqX7-eV7%2526utm_campaign%253DNCIScastJNSFB-EUR-DTM-TS-TB-TS%2523tblciGiDmW5nKTpDG3WImprvs2Dl1uIIXrcrLCDmVanlkjMQ4siDlo1komuHnkqX7-eV7%26ui%3D58946630-4973-2108-6765-894663049732%26cpb%3DGAEgnP__________ASoZdXMudGFib29sYXN5bmRpY2F0aW9uLmNvbTIIdHJjMTAxNDY4gJTlggVAw80LSOSTEFDFzOEDWP___________wFjCNA3EP5KGDBkYwiFOBDbShgyZGMI1xYQ1R8YI2RjCO1GENJdGBRkYwjSAxDgBhgIZGMIlhQQnRwYGGRjCIIvENY-GAlkYwivRxD6YBgLZGMI9BQQnh0YH2RjCKQnEIM1GC9kaiQ1ODk0NjYzMC00OTczLTIxMDgtNjc2NS04OTQ2NjMwNDk3MzJ4AoABc4gB6AOQAQSYAcKRxrKiMQ&fc=1920&brdim=0%2C0%2C0%2C0%2C1443%2C0%2C1443%2C812%2C1443%2C812&vis=1&rsz=%7C%7CoEebr%7C&abl=CS&pfx=0&fu=128&bc=31&ifi=3&uci=a!3&btvi=1&fsb=1&xpc=ddie82W9aP&p=https%3A//trips-shop.com&dtd=3919
https://googleads.g.doubleclick.net/pagead/ads?client=ca-pub-9736913935601400&output=html&h=250&slotname=2516771191&adk=3976388572&adf=3248082154&pi=t.ma~as.2516771191&w=290&fwrn=5&fwrnh=100&lmt=1702311078&rafmt=1&format=290x250&url=https%3A%2F%2Fwww.java-ware.net%2Fgames%2Fget-snake-iii-for-nokia-asha-210-209425.html&ea=0&fwr=0&fwrattr=true&rpe=1&resp_fmts=3&sfro=1&wgl=0&dt=1702318278242&bpp=51&idt=51&shv=r20231206&mjsv=m202312050101&ptt=9&saldr=aa&abxe=1&cookie=ID%3D82d0d8fc6e9b41b3%3AT%3D1702292480%3ART%3D1702318178%3AS%3DALNI_MbS9Fgyqn-sk-ND6yfcKkxYqNnE3Q&gpic=UID%3D00000d1380bbfa22%3AT%3D1702292480%3ART%3D1702318178%3AS%3DALNI_Mbz7ciN6p9qlrvG_ANke4HJ9jiGqw&prev_fmts=290x250&correlator=5388749282103&frm=20&pv=1&ga_vid=1438425769.1702292480&ga_sid=1702318278&ga_hid=1945249565&ga_fc=1&u_tz=120&u_his=4&u_h=202&u_w=320&u_ah=202&u_aw=320&u_cd=4&u_sd=1&adx=15&ady=539&biw=320&bih=202&scr_x=0&scr_y=0&eid=44759875%2C44759926%2C31079437%2C31079865%2C44795921%2C44809003%2C44807406%2C95320884&oid=2&pvsid=1949520540701862&tmod=1739159794&ref=https%3A%2F%2Fwww.java-ware.net%2Fgames%2Fdownload-snake-iii-for-nokia-asha-210-209425.html&fc=1920&brdim=0%2C0%2C0%2C0%2C320%2C%2C320%2C202%2C320%2C202&vis=1&rsz=%7C%7CoeEbr%7C&abl=CS&pfx=0&fu=128&bc=1&ifi=2&uci=a!2&btvi=2&dtd=65
https://googleads.g.doubleclick.net/pagead/ads?npa=1&client=ca-pub-2746946369131272&output=html&h=266&adk=2514812437&adf=1970143899&pi=t.aa~a.1469210765~i.30~rp.4&daaos=1701958981376&w=320&lmt=1702002080&num_ads=1&rafmt=1&armr=3&sem=mc&pwprc=9606824948&ad_type=text_image&format=320x266&url=http%3A%2F%2Ftvnovellas.blogspot.com%2F2023%2F12%2F8_68.html%3Fm%3D1&ea=0&host=ca-host-pub-1556223355139109&fwr=1&pra=3&rh=250&rw=300&rpe=1&resp_fmts=3&sfro=1&wgl=1&fa=27&dt=1702009723905&bpp=31&bdt=8603&idt=-M&shv=r20231206&mjsv=m202312050101&ptt=9&saldr=aa&abxe=1&prev_fmts=0x0%2C320x149%2C320x266%2C320x266&nras=5&correlator=8270794907649&frm=20&pv=1&ga_vid=475156557.1690172671&ga_sid=1702009718&ga_hid=1795666127&ga_fc=1&u_tz=120&u_his=4&u_h=534&u_w=320&u_ah=534&u_aw=320&u_cd=32&u_sd=1.5&adx=0&ady=3338&biw=320&bih=452&scr_x=0&scr_y=283&eid=44759875%2C44759926%2C44759837%2C44808397%2C31079437%2C31079931%2C31080036%2C44807764%2C44808148%2C44808285%2C95320230&oid=2&pvsid=1045065686319104&tmod=941076054&nvt=1&ref=http%3A%2F%2Ftvnovellas.blogspot.com%2F%3Fm%3D1&fc=1408&brdim=0%2C0%2C0%2C0%2C320%2C0%2C320%2C452%2C320%2C452&vis=1&rsz=%7C%7Cs%7C&abl=NS&fu=1152&bc=25&psd=W251bGwsbnVsbCxudWxsLDNd&ifi=5&uci=a!5&btvi=3&dtd=449
https://googleads.g.doubleclick.net/pagead/ads?us_privacy=1---&client=ca-pub-3400948010513654&output=html&h=300&slotname=8684014500&adk=1504239795&adf=3714275163&pi=t.ma~as.8684014500&w=360&lmt=1702368037&rafmt=1&format=360x300&url=https%3A%2F%2Ftradingeconomics.com%2Fitx%3Asm%3Agross-profit-on-sales&ea=0&fwr=1&fwrattr=true&rpe=1&resp_fmts=3&sfro=1&wgl=1&dt=1702368037199&bpp=11&bdt=1083&idt=98&shv=r20231207&mjsv=m202312060101&ptt=9&saldr=aa&abxe=1&cookie=ID%3D4befbddf237ac87d%3AT%3D1702367814%3ART%3D1702367814%3AS%3DALNI_MY7gR2PeAIEZhCaiiYopWkDooeJ_w&correlator=6749712357786&frm=20&pv=2&ga_vid=1567069537.1702367811&ga_sid=1702368038&ga_hid=610945311&ga_fc=1&u_tz=120&u_his=2&u_h=740&u_w=360&u_ah=740&u_aw=360&u_cd=24&u_sd=3&dmc=4&adx=0&ady=162&biw=360&bih=612&scr_x=0&scr_y=0&eid=44759876%2C44759927%2C95320239%2C31079922%2C31079930%2C31080113%2C44809530%2C31080037%2C95320884&oid=2&pvsid=2783121969785683&tmod=920824465&uas=0&nvt=1&ref=https%3A%2F%2Ftradingeconomics.com%2Fitx%3Asm%3Adebt&fc=896&brdim=0%2C0%2C0%2C0%2C360%2C0%2C360%2C612%2C360%2C612&vis=1&rsz=%7C%7CeE%7C&abl=CS&pfx=0&fu=1152&bc=31&psd=W251bGwsbnVsbCxudWxsLDNd&ifi=1&uci=a!1&fsb=1&dtd=677
https://googleads.g.doubleclick.net/pagead/html/r20230817/r20110914/zrt_lookup.html?fsb=1
https://googleads.g.doubleclick.net/pagead/html/r20230821/r20110914/zrt_lookup.html?fsb=1
https://googleads.g.doubleclick.net/pagead/html/r20231204/r20110914/zrt_lookup.html
https://googleads.g.doubleclick.net/pagead/html/r20231206/r20110914/zrt_lookup.html?fsb=1
https://grazily.com/searches/history/tags/figma
https://imasdk.googleapis.com/
https://imginn.com/
https://in.search.yahoo.com/
https://issuu.com/
https://itbiznes.pl
https://jauns.lv/
https://joblaevolution.ro:443/
https://joblaevolution.ro:443/robots.txt
https://jobs.smartrecruiters.com/
https://karriarforetagen.se/jobb/vue-job-name/
https://krepsiniozinios.lt/
https://l.facebook.com/
https://l.instagram.com/
https://labaintervija.lv:443/
https://labaintervija.lv:443/wp-login.php
https://ladyzone.bg/
https://ledigajobb.se/
https://linktr.ee/
https://lm.facebook.com/
https://lv.friendsforever.world/
https://lv.friendshipquiz2022.com/
https://m.bg-mamma.com/
https://m.bloomberght.com/
https://m.cafe.daum.net/
https://m.cafe.daum.net/ourvancouver/1xBD/321760?
https://m.facebook.com/
https://m.search.naver.com/search.naver?sm=mtb_hty.top&where=m&oquery=%EB%8B%A8%EC%9C%84%EB%B3%80%ED%99%98&tqi=iU5hPdpr44VssvBjZd4ssssst%2BV-184377&query=EVOlutioneer
https://m.vanchosun.com/
https://m.youtube.com/
https://m.youtube.com/watch?v=6TgzZTA_47E
https://m.youtube.com/watch?v=9L-U9xUbf_0
https://m.youtube.com/watch?v=RRJmQt1I9kQ
https://m.youtube.com/watch?v=ZEUkBX7kqOU
https://mail.google.com/
https://melon-playground.en.uptodown.com/
https://mt.linkedin.com/
https://novavarna.net/
https://nulls.gg/
https://pendrivelinux.com/
https://petco.wd1.myworkdayjobs.com/en-US/External/job/3791-Medford-MA/Vet-Assistant_R210891
https://press.lv/
https://psycatgames.com/
https://quero.party/keyword-ranking/2078911/mandarin%2Bcasino
https://quieora.ink/keyword-ranking/1164780/online%2Bcasino%2Bvancouver
https://quieora.ink/keyword-ranking/1817546/card%2Bdealer%2Bjobs
https://quiz-facts.com/
https://quizzable.com/
https://random9ja.com/
https://receptes.tvnet.lv/
https://rockwellautomation.wd1.myworkdayjobs.com/en-US/External_Rockwell_Automation/job/Kuala-Lumpur-Malaysia/Sales-Account-Manager---O-G_R23-9410
https://rus.delfi.lv/
https://scala-bootcamp.evolution.com/
https://search.brave.com/
https://search.yahoo.co.jp/
https://search.yahoo.com/
https://sejas.tvnet.lv/
https://sportacentrs.com/
https://statics.teams.cdn.office.net/
https://storage.googleapis.com/
https://stvinc.wd5.myworkdayjobs.com/en-US/stv/job/Charlotte-North-Carolina/Construction-Inspector_JR150
https://taboolanews.com/
https://target.wd5.myworkdayjobs.com/en-US/targetcareers/job/10-Union-Square-East-New-YorkNY-10003-3314/Overnight-Inbound--Stocking---T3380-_R0000285042
https://tecnoblog.net/
https://telefonai.eu/
https://trc.taboola.com/hmb24technology-workandpower/log/3/click?pi=%2Fquiz%2Fhitler-party-which-came-into-power-in-1933-is-known-as&ri=216849e16481e3f463ea987ff2fbf32c&sd=v2_d4734f251cb2c86138d715d7ce093085_c1df5af6-96f9-46aa-9153-feb1913f23dc-tuct53836ce_1702529673_1702529673_CI68th0QmfZXGJjMtLXGMSABKAMwhAE4w80LQJ6TEEjp9O8DUP___________wFYAGAXaNW_ss-Yt8_KLXAA&ui=c1df5af6-96f9-46aa-9153-feb1913f23dc-tuct53836ce&it=text&ii=~~V1~~4996778325997229441~~G2J28VTyz60RvZ9XnflKnt-dFXq-vdNsvJvAccl_07kmeLoP1uDhFL45eSYqXoCz5DoLnOqsI3LKa_aG2q5-g12AmeW8BVSSakxfkeEOMfGZH8TLTy_51oT1xSOA9fFKWlR74XikjeLZhiLrT7-Jw3j3prbn1VgJp_Vc0u8lDJQa9iyXkA5K6bgEsiyr8YeJFN5ELIYtjLlZ6Ql5YlPYQ2kur_WrhxWWu0HtCLFq7wiMu6kcWzhYHDuy_Bt2Hmij&pt=text&li=rbox-t2v&sig=8b12ec44030137d058729726ac0fc3fa036e62b9daa1&vi=1702529672728&p=google-gdn&r=45&tvi48=10637&tvi50=13315&lti=deflated&ppb=CMgD&cpb=EhMyMDIzMTIxMi0yMS1SRUxFQVNFGAEgnP__________ASoWdGFib29sYXN5bmRpY2F0aW9uLmNvbTIIdHJjMDAxNjE4gIiPoA1Aw80LSJ6TEFDp9O8DWP___________wFjCPgVENQqGCJkYwjXFhDVHxgjZGMI-f__________ARD5__________8BGAdkYwjSAxDgBhgIZGMI6ioQnTkYCWRjCKQnEIM1GC9kYwjQNxCNUxgwZGMIy04Qg2gYMmRjCOJPEJxqGDZkYwjcChCgEBgWZGMIlhQQnhwYGGRjCMj__________wEQyP__________ARg4ZGMI_0YQjWYYHWRjCPQUEJ4dGB9keAKAAb4diAHD5v77AZABKpgB6M-0tcYx&redir=https%3A%2F%2Fwww.googleadservices.com%2Fpagead%2Faclk%3Fsa%3DL%26ai%3DCbD9QiYp6ZfOnEuewnsEPzsGbmAzFqIzkdNH30KG1EtrZHhABIKHHp0lgrQOgAajX4a8pyAEGqQJVgox7DEOyPqgDAcgDywSqBM0CT9Aup2l7jIQRPkqJoW9KyBqvut5DewZ8mdKNXH4PFfruZTzuDrabS8hw-RS9C1BvuFypPfcB3h5n5yye4hoaTBj9HjY9bV1pTbUeNFiHR9mzx2SRsiuQcLQg-FsruQC_oPA5-2-cubZ_UGeo4sy7_3ngfGTvkr63AVAz9Wzdj0N06HEAXSkvKy2gO4Bwum_ID8BNNkCrJb0yGJwAunHWGHizi_31HETL6oeUJM46bEYQQg9_aSQXtNgO3wyPNSQuRiZhx-YiquzMXYMP5iTJKiIC8VBTJ3wx17MEQhOEBQkT2xFmd2RLeyVBhtFPO8qBHiqokoMhUv8D8-LDW7BM4DdL3H69yX8cLZ4-sWtm8NMoQu2VcHzONTdRDCFFL2O_1Qd2MaJo1kkslsK5tC68hMScK_KEFt7zYfxv-iPSXKogygtMo5gs-_2OlNVXwAS36-fyxASIBbnQ-rZMoAY32AYCgAeoj7KPBKgH2baxAqgHjs4bqAeT2BuoB-6WsQKoB_6esQKoB9XJG6gHpr4bqAeaBqgH89EbqAeW2BuoB6qbsQKoB4OtsQKoB_-esQKoB9-fsQKoB8qpsQKoB-ulsQLYBwHyBwQQq91ooAijj6kEsAgC0ggfCIBhEAEYXTICigI6BIBAgEBIvf3BOljA-pWjkY6DA_IIEGJpZGRlci00MzExMDc4ODmxCQ_r3QRyMDJfgAoEmAsByAsBogwQKg4KDOS0sQLutbECtbixAtoMEQoLEODb_LGep_TJpwESAgEDqg0CTFbIDQHYEw2CFBYaFHd3dy53b3JrYW5kcG93ZXIuY29tiBQB0BUB-BYBgBcB%26ase%3D2%26gclid%3DEAIaIQobChMIs5CWo5GOgwMVZ5gnAh3O4AbDEAEYASAAEgLVafD_BwE%26num%3D1%26pr%3D76%3AZXqKigACNmiXQGNAGKoG6qSbhj4k3RCc-sOgIQ%3D%3D%26cid%3DCAQSKQAvHhf_jc8cf9cE-PAlbNrEAt7aA8QuZUsYqDgweB3W1JmyChSar2vBGAE%26sig%3DAOD64_2vOGj5hA0zXSF7cZPXhttMvgd5qw%26client%3Dca-pub-7398773146227056%26adurl%3Dhttps%3A%2F%2Fcareers.evolution.com%2Flatvia%2Fstudio-operations%2F%26nb%3D9%26dim%3D383x215%26nx%3D308%26ny%3D149%26mb%3D1%26bg%3D!kZKlkt3NAAa0LlnulC47ADQBe5WfOHsk0K5dLOhy7Pf3u2Sn4mRIebX6WAsoJOoOT6_pdCK1TeGYmZtmEnXP0dHFZrrxAgAAAJ9SAAAAH2gBBwoA1zYnhDgGx1IIDOdA6UHbPPykQAtV8ygp3T2a1p9TgYGa8-JW-TsTEKn9dkmzWS5NlZOiNLA5WF9SVHWDud314Pw75w1IqWWa-q0boYgWtauQ563tQGG2Arggjq8D3sPdcFxBaDPLeUjCeYY2AgK9rcgqvAWj6sjLhQYbB51moxrSnPhbQk8x_AAKSqivnOJmr4OZc6CDTDVE5WizSscQ0E-2kfoEvPUB8A5Xg_aW9YoG4woXt1ghQZwI9DplUxU4r6Ia2udDQtfOULBDls-2NguCQ31q4bQrmQHUR_BhwfbQjQH7Q4xamMFpSIbeewI3OUBZyAvc9Ak70PSx8tbeszxuh7lj3IXT6pqvinKpprHk4NxtW2lZIcAJEGWyjbeKJiIc9rZvBwsxnkmSDW_LkFqLqvJ7wfP2MCqPZrBQeE0io8XDiWZJWbrYaakbDb9H3sf1BH5vIXJe9JAhSo5qbqBLXdWP12GyHkK8B1ePUYV8g_q-fsTOdsWSj1kpmd9bpyLym9gTmubiHERr0gt79ObpH-P5aFiEv0bK_U-vLXGInVTxIRtb0dxaYUCxNR24mCTgajejPwp3BBiIqIFC5DiATu1k_uRw1Fc7UVQaKx5MiPUKm5zY1WhXUZqGkamyCrsqs0c_0niKNBO_O54iMk44r84Oz4XuN7UvGBGZ2aOnTpJIR0iTd9BWMfpYtA-ulSaN2Z1A8sgu9xS0lEwb4-W_fzlQnwm6QuT_9VqFhgeIU5vD9D8afW__Al2DiboeoWd0Pj0tWEPu4zCk5wED6h7mCgQA5c9bq34eDAnTrS8ZE666KJGYj5E9ZXx4IBd_h9gqJOPWnTxD8SZnqkwyAboXz3B3knja_xdX5eZpzcT9f1sTfo7FSKf1TU94s5AltWZmKGhURo8OdYwuPdYp%26nm%3D1
https://trc.taboola.com/hmb24technology-workandpower/log/3/click?pi=%2Fquiz%2Fhitler-party-which-came-into-power-in-1933-is-known-as&ri=c77ccc100ef782f552add3b8aa9ddd74&sd=v2_d4734f251cb2c86138d715d7ce093085_c1df5af6-96f9-46aa-9153-feb1913f23dc-tuct53836ce_1702529673_1702529673_CI68th0QmfZXGJjMtLXGMSABKAMwhAE4w80LQJ6TEEjp9O8DUP___________wFYAGAXaNW_ss-Yt8_KLXAA&ui=c1df5af6-96f9-46aa-9153-feb1913f23dc-tuct53836ce&it=text&ii=~~V1~~-5027211030403356226~~SVDaB9Pai5x6GXg440uRJN-dFXq-vdNsvJvAccl_07koAhknUhovrfoCREybB36UVzZsVxLINeBJMuMBv6w0me9MOQkQdF919mN5bHT28d-ML-yNOAB-JPOzTF_xtiLJWlR74XikjeLZhiLrT7-Jw3j3prbn1VgJp_Vc0u8lDJQa9iyXkA5K6bgEsiyr8YeJFN5ELIYtjLlZ6Ql5YlPYQ2kur_WrhxWWu0HtCLFq7wgZ6SvAzP-JKPyFkO2OfudE&pt=text&li=rbox-t2v&sig=0b5db4a51bacd615cb02b8d3badef08e3ca1247decc5&vi=1702529672728&p=google-gdn&r=79&tvi48=10637&tvi50=13315&lti=deflated&ppb=CI0C&cpb=EhMyMDIzMTIxMi0yMS1SRUxFQVNFGAEgnP__________ASoWdGFib29sYXN5bmRpY2F0aW9uLmNvbTIIdHJjMDAxNjE4gIiPoA1Aw80LSJ6TEFDp9O8DWP___________wFjCPgVENQqGCJkYwjXFhDVHxgjZGMI-f__________ARD5__________8BGAdkYwjSAxDgBhgIZGMI6ioQnTkYCWRjCKQnEIM1GC9kYwjQNxCNUxgwZGMIy04Qg2gYMmRjCOJPEJxqGDZkYwjcChCgEBgWZGMIlhQQnhwYGGRjCMj__________wEQyP__________ARg4ZGMI_0YQjWYYHWRjCPQUEJ4dGB9keAKAAb4diAHD5v77AZABKpgB6M-0tcYx&redir=https%3A%2F%2Fwww.googleadservices.com%2Fpagead%2Faclk%3Fsa%3DL%26ai%3DC6j03iYp6ZeDXIY-smLAPwv-skAL8h5jWdNey_sqMEtru-LK6OhABIKHHp0lgrQOgAajX4a8pyAEGqQI5ZrAVnUayPqgDAcgDywSqBN0CT9AominggS7kcLm0B6jZE1gVg_nMad4UFz1GERojh_J8SdPuU7fnJCPP6eyDSahi9YMXR5hW0mpNl4vnro8IzPeKh9aWoo3T8UkD0trYPQaqysalkMJUAiNvKlmatNhS6fQ7w2oeYhc9MS2ObgSi_k_s_4KScjWG4QY_SbiCqzhelF0AZFxjMqQJNBHFWILVpsYV-2XYc-xdHig6ePd_wjP-4Vge3DLS578TjU0Z1ZMNocBzXhQIKofQr2XySsId2TPAdPGc6RdNOiahjc9Z8YcBF3OAB4tycYyy2L76WhmqDVOL5BNyqKkVTjz7lwU-HV6XJx185b0NXVNmpyjjNTgJBjg9JAyDvo9IAZCgMcpO-zK9EpVVTjYFba6nHV0iDEd0yr7BbH4WFb3atyX005rwB3USSBTrLCcefBiWnqpN6Fn3uPrBLbrfOqtzcX5QIUJmKaG17dMNbyyenMAEzpfoq7UEiAXo5f20TKAGN9gGAoAHqI-yjwSoB9m2sQKoB47OG6gHk9gbqAfulrECqAf-nrECqAfVyRuoB6a-G6gHmgaoB_PRG6gHltgbqAeqm7ECqAeDrbECqAf_nrECqAffn7ECqAfKqbECqAfrpbEC2AcB8gcEEOTlIKAIo4-pBLAIAtIIHwiAYRABGF0yAooCOgSAQIBASL39wTpYp6Wlo5GOgwPyCBBiaWRkZXItNjMzMDQ1NzI3sQkP690EcjAyX4AKBJgLAcgLAaIMECoOCgzktLEC7rWxArW4sQLaDBEKCxCwh7zr-oa7wNUBEgIBA6oNAkxWyA0B2BMMghQWGhR3d3cud29ya2FuZHBvd2VyLmNvbdAVAfgWAYAXAbIYBBIC-lM%26ase%3D2%26gclid%3DEAIaIQobChMIoMClo5GOgwMVDxYGAB3CPwsiEAEYASAAEgJglPD_BwE%26num%3D1%26pr%3D76%3AZXqKigACMoBEPxWOEb5Q5ZgdMBP6iJ96XchFhA%3D%3D%26cid%3DCAQSKQAvHhf_xuZodynrC5FG3lf0QcdshqhuF1tnJKRx-D0HTEUTr-MAZ-kXGAE%26sig%3DAOD64_3c3rn7RuRJubzDPtwCTq1apFZkkw%26client%3Dca-pub-7398773146227056%26adurl%3Dhttps%3A%2F%2Fcareers.evolution.com%2Flatvia%2Fstudio-operations%2F%26nb%3D9%26dim%3D321x321%26nx%3D248%26ny%3D162%26mb%3D1%26bg%3D!Tk2lTQLNAAa0LlnulC47ADQBe5WfOMa24ZL881_z3sfG1iaWonZPEwWhs2SF5HKFAeV3gGDnVyRPAqiC_nvuq9Lq0JmpAgAAANNSAAAAJmgBBwoBa3kqbu-zF2WsDDdZV8R2ZkDkpUW8y0prbyWvT4v0N9OLPMAeaBAMoLmbV_zvBNrfQFxWkasWfO6trpl9UY-w0qOqUzBxnju5x1ck5yPgMTumpT9JB937JOBQKMBap2elIuk5vB6BiggPkMdm8emC0nVmldJ4cq9Sc0qcY8r6RY2rJ6UVH2afNB-4eLwpyZBRs6UY4PQpvpgvKJnajDKs37Qh1Zxn4DTufmDZLnfK13MO8kQABa4XyyEIsUH4UqYiaUYQYZRIV9oPje9Xj6f2qYMkqHfx8Ll3flwXgyyEGZlz8tCRiR-kvk7fPjqq2bJGsmw9mdhyGbZ83wser66t_ZHPKW3obUngNWyqZheJCwt8APvELtQcrMqvegbFl7B-q7yLhcSNwQswpG1G_Ww7UFQyEkIkZpKYvXRdl2XgclZxxnfKxLlgksKmqyBxmYqDKHi60ri_Y7x2xl8TrIlGw1Kq4i8HRazhUgldPpkB4JM6SpXgEZdEQ1KEo3Fmo9lDWK0C2x7hmRYQsWwl6bzv41EBZcHwofNEE5BV7T7BI5-qacHlki7Se5v_DOVlyf0RyakT-IRbHUAg13Ffjzt2Hr_Y6ycUx_siIPK12yTHF64rcFfBS3-hJQGst2KtP1cMsUedPvnmef31e5geyINLqf7aXgDQgNnbL-5U_zYQxDZeYrGUIBgQmqNYtkMdiSPNdYDx7fVrAF0liAgzIZtlKQk-8RjM23jQ3Wi4NEXX_UAwGW0RxyTHWy-mFjDLZL42LY9K3ap70PoiuLRR44MZ2Fn01rgPHT_uGGmGt3YSzj5nNhjio4aHxwnyp7nqTYMOUd0O1OX6WWYpWSBws5frao29pb_g3zUf7WmsyQUKB018GtPF7kM8b4m3iFOp_cQGbwLpvtoVOjnWXSisR8tdePxiOLZuT7gf9ZD1hhLlAGY1IEMt2_S9lOgQIG1xrxS5refYj-uIXh13LjClEAoDu6kxnxjrFaiUf3Gzz4ZuhwIJvYFSIqLewYfsXNDNLBJWoID9d3bWI-Ko86NGJrb-um0leAXEgl0ti3ihqm2FNuAp2DNquasuI9km4Y3c0rHY84aZdOzynIQWOc9CxdEY6AjmsFfIw9VUqn3tPxXO9g%26nm%3D1
https://trc.taboola.com/tmg-mirror/log/3/click?pi=%2F3am%2Fus-celebrity-news%2Fmeghan-markle-sell-out-royals-31617278&ri=1fbd8f9e5d15826adc42ba3b0c294745&sd=v2_43557a9e9a21badbc79d55d73a3900b5_c9cb338f-7d44-4607-ad1a-a7cd749ea8cb-tuctb9608b1_1701948923_1701948950_CIi3jgYQ6LY_GLTYvqDEMSACKAMwhAE4w80LQOOTEEjEquEDUP___________wFYAGDKAmj0kYn26qDIvz9wAQ&ui=c9cb338f-7d44-4607-ad1a-a7cd749ea8cb-tuctb9608b1&it=text&ii=~~V1~~4996778325997229441~~3QOgymrr42ZXrTdUmT-ZX9-dFXq-vdNsvJvAccl_07m3Se0pm9k8i81qEAI7RrmCvW1em2wWtsGgUyphGAf8iFQ1SgWOzF4GsVD8iFVDEYnzu-1r1DWhJQyPqNLhmj9hWlR74XikjeLZhiLrT7-Jw3j3prbn1VgJp_Vc0u8lDJQa9iyXkA5K6bgEsiyr8YeJFN5ELIYtjLlZ6Ql5YlPYQzZS70Tm-SkX-BZXJrPML6sZ6SvAzP-JKPyFkO2OfudE&pt=text&li=rbox-t2m&sig=3d173e2e6f6b666f8435ff07c82b901751d8b993e9e5&vi=1701948927028&p=google-gdn&r=6&tvi48=10143&tvi50=9864&lti=deflated&ppb=CPcC&cpb=EhIyMDIzMTIwNi02LVJFTEVBU0UY25AeIJz__________wEqFnRhYm9vbGFzeW5kaWNhdGlvbi5jb20yCHRyYzAwMTI5OICU-a8FQMPNC0jjkxBQxKrhA1j___________8BYwjXFhDVHxgjZGMI0gMQ4AYYCGRjCPf__________wEQ9___________ARgJZGMIpCcQijUYL2RjCNA3EJ9PGDBkYwiqNRCITRgyZGMIyi4QkT4YM2RjCP4WEIogGBNkYwjyJBC3ZxgUZGMIlhQQmBwYGGRjCP1UEK9wGD1kYwj_RhCLZhgdZGMIwv__________ARDC__________8BGD5kYwj0FBCeHRgfZHgCgAHyD4gB4Pey4AGQATKYAZWRwKDEMQ&redir=https%3A%2F%2Fwww.googleadservices.com%2Fpagead%2Faclk%3Fsa%3DL%26ai%3DCNv2qFq5xZf-9M6ejkdUPmpahkA6YvrTJdNH30KG1Er_hHhABIKHHp0lgrQOgAajX4a8pyAEGqQKMrGss-gyyPqgDAcgDywSqBIMDT9Dv1N6OEHTeB9Ou1LvrF3OJ1IpvXIwLqtmcfOQeAjUJwkzae820sRjox-iouGmm0n79Mx0gr4wlYd5kRT2rKAg8sgesDwSxnraRKu8b53NW_H3SOVD6QxZz1XU7peWgxOm57sn9znz_1_hcRd7zc8bdULYqaq-YBwfRZq40542nOsSAnBYm5mxQmzNkXc2pJ9FeFfKz_IT9J7slmp1lhtN4dL_H_4M6XSrIg-ubzADe19JMcctFvgvSqqGtOojt2gG3cxiDzCb47Z3smPfrtj9z3avfZ4LAMfddgDN3c9oie2-QG97SePQBq8uKXGH0OAwJU8hgrmPpFyCKWBTD2PIek2AcbSyxJH4wgZhIP0xGDgne0gjZmFRGo8JVMC-UDTCslLFKnXMXCeJGomTxUA8WNhoEl1p1LZKFoqcDnsgFrQ30_IvupDzfe_sWk2JQVXumPoHifwc9CtMAylP_PPj5bdL8j1AVWmn0cQQ62MmQkxGv1djfxkompGlnsilVdfIRwAS36-fyxASIBbnQ-rZMoAY32AYCgAeoj7KPBKgH2baxAqgHjs4bqAeT2BuoB-6WsQKoB_6esQKoB9XJG6gHpr4bqAeaBqgH89EbqAeW2BuoB6qbsQKoB4OtsQKoB_-esQKoB9-fsQLYBwHyBwQQu_QNoAijj6kEsAgC0gggCIDhgBAQARhdMgKqAjoDgMADSL39wTpY5e-P9Z39ggPyCBBiaWRkZXItNjczMzgyNzgysQkP690EcjAyX4AKBJgLAcgLAaIMGCoWChTktLEC7rWxArW4sQKsurECu7uxAqoNAkxWyA0B2BMNghQSGhB3d3cubWlycm9yLmNvLnVriBQB0BUB-BYBgBcB%26gclid%3DEAIaIQobChMI_6CQ9Z39ggMVp1GkBB0aSwjiEAEYASAAEgKZiPD_BwE%26num%3D1%26pr%3D76%3AZXGuFwAAv2hAIq_Y1YmZSiSxsvnELq-hlJPjIQ%3D%3D%26cid%3DCAQSKQDICaaNfE51VLrl7akXBMYE8VaDUMPzDUrBdg9lWUVZZGEPYm3YAGqyGAE%26sig%3DAOD64_0_OtAQPb6Uzi2KrhT35wPuNs_mLA%26client%3Dca-pub-7398773146227056%26adurl%3Dhttps%3A%2F%2Fcareers.evolution.com%2Flatvia%2Fstudio-operations%2F%26nb%3D9%26dim%3D361x203%26nx%3D306%26ny%3D12%26mb%3D1%26bg%3D!_P-l_7DNAAa0LlnulC47ADQBe5WfOIeyRxxRVcTY0sayDvjLZcvu4Ixc3b-4N3UNpv6yDRGAMD6KfSsFDslvXVJzVX5dAgAAAIJSAAAAFmgBBwoAUAowJaUAv4h3X8ykduAw2AmHftavwZIDrBtP18KaydvGd2iAc2XADrMo2tJ4fGEem2Jc5fbzXSEOMDEQ_AHATa7Ykwg5qdFrEwG8vDaIS-tXmQHrIu_zkIg9UsnrM87LAf9a_Wi255TV6uvpu6YTKEOgMAv_GIJCJ3fpAN1zc1AxlGlgXfEX3bZ71F9YR2ifR4sBZepllP5JGY6uu2IQtt7ECT82KKByO-HpqvKtwaOwYQBnlKxByOU4z-UmAxFG5w-tqOdrh_GgybieuF-hDoB28ixf8DDw64cZJT-cUPd-okpwUpjCPnS9Wo-tjPpTs1d3j1RSIQso9lljpKdLi38VtpA6x_CGegscjdpk6H1iIhLJO2KPZcxpj_UWfp-xJf4rkAybUmQNdX0kIR9Qd4R7N6-pP60Pn-iCDrdYzHgI3FQDnz7asE8vXcM-PkYWMHCjsooOO1DOjIE0I3EYwERzK8Cz7tTcgI0ax1uCcJTZfiSak79fITpBQFaCOJ8gMiesaZeIjflIUXMqgXQtjTLux_pmgtj1S392dhzN5k3mm-eds6I_cscneAI18rEVAS-p-_EIR1KhcQH-FSzWX5RkRhBPJjEHaYdSHGkEHJsqMvRt57-73Dxl7I9ZXcWbDFSnGtpkH_ZIdS8wVluqWc4OavnP02hRpjFkUyXTkCvO0CypwUJ8UjVFgHLbUyqn6YrCSaBwQLZCxwCKxTkj7K8jCrZHP7HMYTlcK81ZsYPx7EAPqfAUTX3fdswh6Ho%26nm%3D1
https://uk.jobrapido.com/
https://unihow.ru/jobs/637b53fa7c8ef9ec09dab609
https://unijobs.ge/
https://universitygist.com/
https://us-west1-adexp-prod.adcreativereview.com/
https://videoquizstar.com/
https://war-thunder-mobile.ru.uptodown.com/
https://weather.com/
https://worldhidenews.com/
https://worldrecipes.lt/
https://www.15min.lt/
https://www.24zdrave.bg/
https://www.actualno.com/
https://www.adsensecustomsearchads.com/
https://www.apollo.lv/
https://www.betxpert.com/
https://www.bgonair.bg/
https://www.bing.com/
https://www.bk.pw.edu.pl/
https://www.btv.bg/
https://www.businessbase.top/
https://www.careers.evolution.com
https://www.connectingsingles.com/
https://www.cv.lv/
https://www.darbsevolution.lv
https://www.ejobs.ro/
https://www.evolution.com
https://www.evolution.com/
https://www.evolution.com/careers/engineering/
https://www.evolution.com/careers/engineering-scala-bootcamp?gclid=EAIaIQobChMI_ZOmlO_tgAMVa1HdAh08QwWDEAEYASAAEgL44_D_BwE
https://www.evolution.com/games/first-person/
https://www.evolution.com/news/page/4/
https://www.evolutiongamingcareers.com
https://www.evolutiongamingcareers.com/job/?id=743999668835081
https://www.example.com
https://www.expert.bg/
https://www.facebook.com/
https://www.flashscore.com/
https://www.foreca.lv/
https://www.gol.bg/
https://www.google.am/
https://www.google.at/
https://www.google.be/
https://www.google.bg/
https://www.google.ca/
https://www.google.co.id/
https://www.google.co.in/
https://www.google.co.kr/
https://www.google.co.th/
https://www.google.co.uk/
https://www.google.co.uz/
https://www.google.com.br/
https://www.google.com.hk/
https://www.google.com.mt/
https://www.google.com.ph/
https://www.google.com.tr/
https://www.google.com.ua/
https://www.google.com/
https://www.google.com/url?q=https://careers.evolution.com/&sa=U&ved=2ahUKEwiq5rStyYSDAxUBUEEAHULxBkUQjBB6BAgFEAk&usg=AOvVaw0I1u7FQH0lk3daMH7zN5vz
https://www.google.com/url?q=https://careers.evolution.com/about-madrid/&sa=U&sqi=2&ved=2ahUKEwiqw4DxwPWAAxVKxQIHHRSMCvwQFnoECA4QAQ&usg=AOvVaw2hTWLRsSNf2td1CHs1A_x8
https://www.google.com/url?q=https://careers.evolution.com/armenia/&sa=U&ved=2ahUKEwidusiz3f2CAxUsbPEDHa0pCoAQFnoECCMQAQ&usg=AOvVaw2pBjA7YuRgX8Ljl0OprEUy
https://www.google.com/url?q=https://careers.evolution.com/armenia/&sa=U&ved=2ahUKEwiwk7GN7PqCAxWBcfEDHTCpCygQFnoECB4QAQ&usg=AOvVaw1R8GREg318UCk2C78wOsW_
https://www.google.com/url?q=https://careers.evolution.com/canada/&sa=U&sqi=2&ved=2ahUKEwjy3o_FwfyCAxVnITQIHZt9Du4QFnoECAkQAQ&usg=AOvVaw3s_b6jFZSRTuZXraHAt6Zi
https://www.google.com/url?q=https://careers.evolution.com/japanese-speaking-game-presenter/&sa=U&sqi=2&ved=2ahUKEwipgNHq2fSAAxWBRvEDHWPdDFEQFnoECAIQAQ&usg=AOvVaw0Thz4trAId_sLzxXPoxwQw
https://www.google.com/url?q=https://careers.evolution.com/job/743999853308281/&sa=U&ved=2ahUKEwiQkN7l2e2AAxWYR_EDHRivCO0QFnoECAYQAQ&usg=AOvVaw1FBWdjZhxsYtAeZLwcEYpq
https://www.google.com/url?q=https://careers.evolution.com/job/743999907306213/&sa=U&ved=2ahUKEwjdy7n5sfKAAxUmiv0HHXGbAHUQFnoECAYQAQ&usg=AOvVaw0tGAs9v6ru_OD_Q6i8O_rA
https://www.google.com/url?q=https://careers.evolution.com/job/743999910096563/&sa=U&ved=2ahUKEwiQ346e3POAAxW7cfUHHWXXAqoQo7QBegQICRAB&usg=AOvVaw0avT_KEoFadLfiorOYEXRS
https://www.google.com/url?q=https://careers.evolution.com/latvia/studio-operations/&sa=U&ved=2ahUKEwiBn9m-yvuCAxVzFhAIHSDqAHEQFnoECA8QAQ&usg=AOvVaw1EYvVtl8vwlmbgZk77UdNL
https://www.google.com/url?q=https://careers.evolution.com/lithuania/&sa=U&sqi=2&ved=2ahUKEwjUt6nkjv-CAxUIcfEDHUIoAdoQFnoECA4QAQ&usg=AOvVaw2MWks5fGNLwLG3FA7bP8Be
https://www.google.com/url?q=https://careers.evolution.com/malta/&sa=U&sqi=2&ved=2ahUKEwi34-Hb0-2AAxVa1AIHHS98AMgQjBB6BAgKEAM&usg=AOvVaw0WNM1venthYeQONTjRB35b
https://www.google.com/url?q=https://careers.evolution.com/malta/game-presenter/&sa=U&ved=2ahUKEwj_9-yho4iDAxUpVaQEHRpABsYQFnoECBcQAQ&usg=AOvVaw22kxEFfEtp1nW-PfN7zKUg
https://www.google.com/url?q=https://careers.evolution.com/malta/game-presenter/&sa=U&ved=2ahUKEwjQ7ZqW_oeDAxVyYEEAHRpHBvoQFnoECCsQAQ&usg=AOvVaw1r4rjbvd-e19Swt2Hy3tn6
https://www.google.de/
https://www.google.dk/
https://www.google.es/
https://www.google.fi/
https://www.google.fr/
https://www.google.hu/
https://www.google.it/
https://www.google.lt/
https://www.google.lv/
https://www.google.nl/
https://www.google.no/
https://www.google.ro/
https://www.google.rs/search?q=job+abroad+for+foreigners&sca_esv=558757646&sxsrf=AB5stBgw1zL8o9blVE0OJYtT4xBG9qnyVA%3A1692625590359&source=hp&ei=tmrjZK71EoGrxc8P4r6SgAI&iflsig=AD69kcEAAAAAZON4xsFto0I3R5UAJwA-hbPnde5EZKuN&oq=job+abro&gs_lp=Egdnd3Mtd2l6Ighqb2IgYWJybyoCCAEyCBAAGIAEGMsBMggQABiABBjLATIIEAAYgAQYywEyCBAAGIAEGMsBMggQABiABBjLATIIEAAYgAQYywEyCBAAGIAEGMsBMgYQABgeGA0yBhAAGB4YDTIGEAAYHhgNSIgiUABY0BJwAHgAkAEAmAGUAaAB0AeqAQMxLje4AQPIAQD4AQHCAgcQIxiKBRgnwgIFEAAYgATCAgQQIxgnwgIHEAAYgAQYCsICBhAAGBYYHg&sclient=gws-wiz
https://www.google.ru/
https://www.google.se/
https://www.googleadservices.com/
https://www.gosocial.co/
https://www.healthygem.com/
https://www.heraldweekly.com/
https://www.indeed.com/
https://www.infoplay.info/
https://www.ingbuzz.com/
https://www.instagram.com/
https://www.joblaevolution.ro/
https://www.joblaevolution.ro:443/wp-login.php
https://www.jobs.bg/
https://www.labaintervija.lv:443/ru/vacancy
https://www.last.fm/
https://www.lavoronelmondo.com
https://www.lingohut.com/
https://www.linkedin.com/
https://www.linkedin.com/jobs/search/?currentJobId=3699737897&distance=25&f_TPR=r604800&geoId=100994331&keywords=talent&start=25
https://www.linkedin.com/mwlite/jobs/view/3700379357?referenceId=naSq%2BNMEkECvBy9NUe%2B75Q%3D%3D&eBP=JOB_SEARCH_ORGANIC
https://www.lohud.com/
https://www.minecraftforum.net/
https://www.moneypop.com/
https://www.nba.com/
https://www.nenovinite.com/
https://www.nexusmods.com/payday2/mods/categories/10/?BH=0
https://www.online-convert.com/
https://www.petalsearch.com/
https://www.plovdiv24.bg/
https://www.snapchat.com/
https://www.ss.lv/
https://www.star-mobi-game.online/
https://www.studentjob.nl
https://www.studentjob.nl/
https://www.studentjob.se/
https://www.ted.com/
https://www.tiktok.com
https://www.tiktok.com/
https://www.tvnet.lv/
https://www.vanchosun.com/
https://www.vansky.com/
https://www.visidarbi.lv/
https://www.xing.com
https://www.youtube.com/
https://yandex.com/
https://yandex.eu/
https://yandex.ru/
https://youtube.com/
https://youtube.com/mobile
https://zmones.15min.lt/
www.bing.com
www.google.com